<?xml version="1.0" encoding="UTF-8"?>
<testsuite xmlns:xsi="http://www.w3.org/2001/XMLSchema-instance" xsi:noNamespaceSchemaLocation="https://maven.apache.org/surefire/maven-surefire-plugin/xsd/surefire-test-report-3.0.xsd" version="3.0" name="TestSuite" time="381.056" tests="23" errors="0" skipped="0" failures="21">
  <properties>
[...]
</properties>
  <testcase name="Initialize" classname="Tests.Setup" time="3.911">
    <system-out><![CDATA[BeforeClassSetup
]]></system-out>
    <system-err><![CDATA[SLF4J: Failed to load class "org.slf4j.impl.StaticLoggerBinder".
SLF4J: Defaulting to no-operation (NOP) logger implementation
SLF4J: See http://www.slf4j.org/codes.html#StaticLoggerBinder for further details.
Starting ChromeDriver 114.0.5735.90 (386bc09e8f4f2e025eddae123f36f6263096ae49-refs/branch-heads/5735@{#1052}) on port 64776
Only local connections are allowed.
Please see https://chromedriver.chromium.org/security-considerations for suggestions on keeping ChromeDriver safe.
ChromeDriver was started successfully.
[1691400440.945][WARNING]: This version of ChromeDriver has not been tested with Chrome version 115.
Aug 07, 2023 2:57:21 PM org.openqa.selenium.remote.ProtocolHandshake createSession
INFO: Detected dialect: W3C
Aug 07, 2023 2:57:21 PM org.openqa.selenium.devtools.CdpVersionFinder findNearestMatch
WARNING: Unable to find an exact match for CDP version 115, so returning the closest version found: a no-op implementation
Aug 07, 2023 2:57:21 PM org.openqa.selenium.devtools.CdpVersionFinder findNearestMatch
INFO: Unable to find CDP implementation matching 115.
Aug 07, 2023 2:57:21 PM org.openqa.selenium.chromium.ChromiumDriver lambda$new$3
WARNING: Unable to find version of CDP to use for . You may need to include a dependency on a specific version of the CDP using something similar to `org.seleniumhq.selenium:selenium-devtools-v86:4.0.0` where the version ("v86") matches the version of the chromium-based browser you're using and the version number of the artifact is the same as Selenium's.
]]></system-err>
  </testcase>
  <testcase name="loginAsAdmin[http://192.168.10.172:2021/Account/Login](1)" classname="Tests.Ummoduletests" time="35.208">
    <failure message="Expected condition failed: waiting for element to be clickable: By.xpath: //span[normalize-space()=&apos;UM&apos;] (tried for 30 second(s) with 500 milliseconds interval)&#10;Build info: version: &apos;4.0.0&apos;, revision: &apos;3a21814679&apos;&#10;System info: host: &apos;ITCLPTP29292122&apos;, ip: &apos;192.168.100.88&apos;, os.name: &apos;Windows 10&apos;, os.arch: &apos;amd64&apos;, os.version: &apos;10.0&apos;, java.version: &apos;17.0.1&apos;&#10;Driver info: org.openqa.selenium.chrome.ChromeDriver&#10;Capabilities {acceptInsecureCerts: false, browserName: chrome, browserVersion: 115.0.5790.170, chrome: {chromedriverVersion: 114.0.5735.90 (386bc09e8f4f..., userDataDir: C:\Users\SANDEE~1.VIR\AppDa...}, goog:chromeOptions: {debuggerAddress: localhost:50877}, javascriptEnabled: true, networkConnectionEnabled: false, pageLoadStrategy: normal, platform: WINDOWS, platformName: WINDOWS, proxy: Proxy(), se:cdp: ws://localhost:50877/devtoo..., se:cdpVersion: 115.0.5790.170, setWindowRect: true, strictFileInteractability: false, timeouts: {implicit: 0, pageLoad: 300000, script: 30000}, unhandledPromptBehavior: dismiss and notify, webauthn:extension:credBlob: true, webauthn:extension:largeBlob: true, webauthn:extension:minPinLength: true, webauthn:extension:prf: true, webauthn:virtualAuthenticators: true}&#10;Session ID: c04b5d9f55a2f83ec1a5cf602555505f" type="org.openqa.selenium.TimeoutException"><![CDATA[org.openqa.selenium.TimeoutException: 
Expected condition failed: waiting for element to be clickable: By.xpath: //span[normalize-space()='UM'] (tried for 30 second(s) with 500 milliseconds interval)
Build info: version: '4.0.0', revision: '3a21814679'
System info: host: 'ITCLPTP29292122', ip: '192.168.100.88', os.name: 'Windows 10', os.arch: 'amd64', os.version: '10.0', java.version: '17.0.1'
Driver info: org.openqa.selenium.chrome.ChromeDriver
Capabilities {acceptInsecureCerts: false, browserName: chrome, browserVersion: 115.0.5790.170, chrome: {chromedriverVersion: 114.0.5735.90 (386bc09e8f4f..., userDataDir: C:\Users\SANDEE~1.VIR\AppDa...}, goog:chromeOptions: {debuggerAddress: localhost:50877}, javascriptEnabled: true, networkConnectionEnabled: false, pageLoadStrategy: normal, platform: WINDOWS, platformName: WINDOWS, proxy: Proxy(), se:cdp: ws://localhost:50877/devtoo..., se:cdpVersion: 115.0.5790.170, setWindowRect: true, strictFileInteractability: false, timeouts: {implicit: 0, pageLoad: 300000, script: 30000}, unhandledPromptBehavior: dismiss and notify, webauthn:extension:credBlob: true, webauthn:extension:largeBlob: true, webauthn:extension:minPinLength: true, webauthn:extension:prf: true, webauthn:virtualAuthenticators: true}
Session ID: c04b5d9f55a2f83ec1a5cf602555505f
	at Tests.Ummoduletests.loginAsAdmin(Ummoduletests.java:40)
]]></failure>
  </testcase>
  <testcase name="LMSReportAccessSearch" classname="Tests.Ummoduletests" time="2.013">
    <failure message="no such element: Unable to locate element: {&quot;method&quot;:&quot;xpath&quot;,&quot;selector&quot;:&quot;//a[@onclick=&quot;UM_LMSREPORTACCESS.searchUserView(&apos;/UM_LMSReportAccess/PrepareSearchLMSReportAccess&apos;),null&quot;]&quot;}&#10;  (Session info: chrome=115.0.5790.170)&#10;For documentation on this error, please visit: https://selenium.dev/exceptions/#no_such_element&#10;Build info: version: &apos;4.0.0&apos;, revision: &apos;3a21814679&apos;&#10;System info: host: &apos;ITCLPTP29292122&apos;, ip: &apos;192.168.100.88&apos;, os.name: &apos;Windows 10&apos;, os.arch: &apos;amd64&apos;, os.version: &apos;10.0&apos;, java.version: &apos;17.0.1&apos;&#10;Driver info: org.openqa.selenium.chrome.ChromeDriver&#10;Command: [c04b5d9f55a2f83ec1a5cf602555505f, findElement {using=xpath, value=//a[@onclick=&quot;UM_LMSREPORTACCESS.searchUserView(&apos;/UM_LMSReportAccess/PrepareSearchLMSReportAccess&apos;),null&quot;]}]&#10;Capabilities {acceptInsecureCerts: false, browserName: chrome, browserVersion: 115.0.5790.170, chrome: {chromedriverVersion: 114.0.5735.90 (386bc09e8f4f..., userDataDir: C:\Users\SANDEE~1.VIR\AppDa...}, goog:chromeOptions: {debuggerAddress: localhost:50877}, javascriptEnabled: true, networkConnectionEnabled: false, pageLoadStrategy: normal, platform: WINDOWS, platformName: WINDOWS, proxy: Proxy(), se:cdp: ws://localhost:50877/devtoo..., se:cdpVersion: 115.0.5790.170, setWindowRect: true, strictFileInteractability: false, timeouts: {implicit: 0, pageLoad: 300000, script: 30000}, unhandledPromptBehavior: dismiss and notify, webauthn:extension:credBlob: true, webauthn:extension:largeBlob: true, webauthn:extension:minPinLength: true, webauthn:extension:prf: true, webauthn:virtualAuthenticators: true}&#10;Session ID: c04b5d9f55a2f83ec1a5cf602555505f" type="org.openqa.selenium.NoSuchElementException"><![CDATA[org.openqa.selenium.NoSuchElementException: 
no such element: Unable to locate element: {"method":"xpath","selector":"//a[@onclick="UM_LMSREPORTACCESS.searchUserView('/UM_LMSReportAccess/PrepareSearchLMSReportAccess'),null"]"}
  (Session info: chrome=115.0.5790.170)
For documentation on this error, please visit: https://selenium.dev/exceptions/#no_such_element
Build info: version: '4.0.0', revision: '3a21814679'
System info: host: 'ITCLPTP29292122', ip: '192.168.100.88', os.name: 'Windows 10', os.arch: 'amd64', os.version: '10.0', java.version: '17.0.1'
Driver info: org.openqa.selenium.chrome.ChromeDriver
Command: [c04b5d9f55a2f83ec1a5cf602555505f, findElement {using=xpath, value=//a[@onclick="UM_LMSREPORTACCESS.searchUserView('/UM_LMSReportAccess/PrepareSearchLMSReportAccess'),null"]}]
Capabilities {acceptInsecureCerts: false, browserName: chrome, browserVersion: 115.0.5790.170, chrome: {chromedriverVersion: 114.0.5735.90 (386bc09e8f4f..., userDataDir: C:\Users\SANDEE~1.VIR\AppDa...}, goog:chromeOptions: {debuggerAddress: localhost:50877}, javascriptEnabled: true, networkConnectionEnabled: false, pageLoadStrategy: normal, platform: WINDOWS, platformName: WINDOWS, proxy: Proxy(), se:cdp: ws://localhost:50877/devtoo..., se:cdpVersion: 115.0.5790.170, setWindowRect: true, strictFileInteractability: false, timeouts: {implicit: 0, pageLoad: 300000, script: 30000}, unhandledPromptBehavior: dismiss and notify, webauthn:extension:credBlob: true, webauthn:extension:largeBlob: true, webauthn:extension:minPinLength: true, webauthn:extension:prf: true, webauthn:virtualAuthenticators: true}
Session ID: c04b5d9f55a2f83ec1a5cf602555505f
	at Tests.Ummoduletests.LMSReportAccessSearch(Ummoduletests.java:49)
]]></failure>
  </testcase>
  <testcase name="LMSReportAccessAdd" classname="Tests.Ummoduletests" time="2.04">
    <failure message="no such element: Unable to locate element: {&quot;method&quot;:&quot;xpath&quot;,&quot;selector&quot;:&quot;//a[@onclick=&quot;UM_LMSREPORTACCESS.createUpdateLMSReportAccess(&apos;/UM_LMSReportAccess/CreateUpdateLMSReportAccess&apos;),null&quot;]&quot;}&#10;  (Session info: chrome=115.0.5790.170)&#10;For documentation on this error, please visit: https://selenium.dev/exceptions/#no_such_element&#10;Build info: version: &apos;4.0.0&apos;, revision: &apos;3a21814679&apos;&#10;System info: host: &apos;ITCLPTP29292122&apos;, ip: &apos;192.168.100.88&apos;, os.name: &apos;Windows 10&apos;, os.arch: &apos;amd64&apos;, os.version: &apos;10.0&apos;, java.version: &apos;17.0.1&apos;&#10;Driver info: org.openqa.selenium.chrome.ChromeDriver&#10;Command: [c04b5d9f55a2f83ec1a5cf602555505f, findElement {using=xpath, value=//a[@onclick=&quot;UM_LMSREPORTACCESS.createUpdateLMSReportAccess(&apos;/UM_LMSReportAccess/CreateUpdateLMSReportAccess&apos;),null&quot;]}]&#10;Capabilities {acceptInsecureCerts: false, browserName: chrome, browserVersion: 115.0.5790.170, chrome: {chromedriverVersion: 114.0.5735.90 (386bc09e8f4f..., userDataDir: C:\Users\SANDEE~1.VIR\AppDa...}, goog:chromeOptions: {debuggerAddress: localhost:50877}, javascriptEnabled: true, networkConnectionEnabled: false, pageLoadStrategy: normal, platform: WINDOWS, platformName: WINDOWS, proxy: Proxy(), se:cdp: ws://localhost:50877/devtoo..., se:cdpVersion: 115.0.5790.170, setWindowRect: true, strictFileInteractability: false, timeouts: {implicit: 0, pageLoad: 300000, script: 30000}, unhandledPromptBehavior: dismiss and notify, webauthn:extension:credBlob: true, webauthn:extension:largeBlob: true, webauthn:extension:minPinLength: true, webauthn:extension:prf: true, webauthn:virtualAuthenticators: true}&#10;Session ID: c04b5d9f55a2f83ec1a5cf602555505f" type="org.openqa.selenium.NoSuchElementException"><![CDATA[org.openqa.selenium.NoSuchElementException: 
no such element: Unable to locate element: {"method":"xpath","selector":"//a[@onclick="UM_LMSREPORTACCESS.createUpdateLMSReportAccess('/UM_LMSReportAccess/CreateUpdateLMSReportAccess'),null"]"}
  (Session info: chrome=115.0.5790.170)
For documentation on this error, please visit: https://selenium.dev/exceptions/#no_such_element
Build info: version: '4.0.0', revision: '3a21814679'
System info: host: 'ITCLPTP29292122', ip: '192.168.100.88', os.name: 'Windows 10', os.arch: 'amd64', os.version: '10.0', java.version: '17.0.1'
Driver info: org.openqa.selenium.chrome.ChromeDriver
Command: [c04b5d9f55a2f83ec1a5cf602555505f, findElement {using=xpath, value=//a[@onclick="UM_LMSREPORTACCESS.createUpdateLMSReportAccess('/UM_LMSReportAccess/CreateUpdateLMSReportAccess'),null"]}]
Capabilities {acceptInsecureCerts: false, browserName: chrome, browserVersion: 115.0.5790.170, chrome: {chromedriverVersion: 114.0.5735.90 (386bc09e8f4f..., userDataDir: C:\Users\SANDEE~1.VIR\AppDa...}, goog:chromeOptions: {debuggerAddress: localhost:50877}, javascriptEnabled: true, networkConnectionEnabled: false, pageLoadStrategy: normal, platform: WINDOWS, platformName: WINDOWS, proxy: Proxy(), se:cdp: ws://localhost:50877/devtoo..., se:cdpVersion: 115.0.5790.170, setWindowRect: true, strictFileInteractability: false, timeouts: {implicit: 0, pageLoad: 300000, script: 30000}, unhandledPromptBehavior: dismiss and notify, webauthn:extension:credBlob: true, webauthn:extension:largeBlob: true, webauthn:extension:minPinLength: true, webauthn:extension:prf: true, webauthn:virtualAuthenticators: true}
Session ID: c04b5d9f55a2f83ec1a5cf602555505f
	at Tests.Ummoduletests.LMSReportAccessAdd(Ummoduletests.java:53)
]]></failure>
  </testcase>
  <testcase name="ProjectAdd" classname="Tests.Ummoduletests" time="2.037">
    <failure message="no such element: Unable to locate element: {&quot;method&quot;:&quot;xpath&quot;,&quot;selector&quot;:&quot;//*[@id=&quot;leftBarMenu&quot;]/li[5]/ul/li[1]/a[1]&quot;}&#10;  (Session info: chrome=115.0.5790.170)&#10;For documentation on this error, please visit: https://selenium.dev/exceptions/#no_such_element&#10;Build info: version: &apos;4.0.0&apos;, revision: &apos;3a21814679&apos;&#10;System info: host: &apos;ITCLPTP29292122&apos;, ip: &apos;192.168.100.88&apos;, os.name: &apos;Windows 10&apos;, os.arch: &apos;amd64&apos;, os.version: &apos;10.0&apos;, java.version: &apos;17.0.1&apos;&#10;Driver info: org.openqa.selenium.chrome.ChromeDriver&#10;Command: [c04b5d9f55a2f83ec1a5cf602555505f, findElement {using=xpath, value=//*[@id=&quot;leftBarMenu&quot;]/li[5]/ul/li[1]/a[1]}]&#10;Capabilities {acceptInsecureCerts: false, browserName: chrome, browserVersion: 115.0.5790.170, chrome: {chromedriverVersion: 114.0.5735.90 (386bc09e8f4f..., userDataDir: C:\Users\SANDEE~1.VIR\AppDa...}, goog:chromeOptions: {debuggerAddress: localhost:50877}, javascriptEnabled: true, networkConnectionEnabled: false, pageLoadStrategy: normal, platform: WINDOWS, platformName: WINDOWS, proxy: Proxy(), se:cdp: ws://localhost:50877/devtoo..., se:cdpVersion: 115.0.5790.170, setWindowRect: true, strictFileInteractability: false, timeouts: {implicit: 0, pageLoad: 300000, script: 30000}, unhandledPromptBehavior: dismiss and notify, webauthn:extension:credBlob: true, webauthn:extension:largeBlob: true, webauthn:extension:minPinLength: true, webauthn:extension:prf: true, webauthn:virtualAuthenticators: true}&#10;Session ID: c04b5d9f55a2f83ec1a5cf602555505f" type="org.openqa.selenium.NoSuchElementException"><![CDATA[org.openqa.selenium.NoSuchElementException: 
no such element: Unable to locate element: {"method":"xpath","selector":"//*[@id="leftBarMenu"]/li[5]/ul/li[1]/a[1]"}
  (Session info: chrome=115.0.5790.170)
For documentation on this error, please visit: https://selenium.dev/exceptions/#no_such_element
Build info: version: '4.0.0', revision: '3a21814679'
System info: host: 'ITCLPTP29292122', ip: '192.168.100.88', os.name: 'Windows 10', os.arch: 'amd64', os.version: '10.0', java.version: '17.0.1'
Driver info: org.openqa.selenium.chrome.ChromeDriver
Command: [c04b5d9f55a2f83ec1a5cf602555505f, findElement {using=xpath, value=//*[@id="leftBarMenu"]/li[5]/ul/li[1]/a[1]}]
Capabilities {acceptInsecureCerts: false, browserName: chrome, browserVersion: 115.0.5790.170, chrome: {chromedriverVersion: 114.0.5735.90 (386bc09e8f4f..., userDataDir: C:\Users\SANDEE~1.VIR\AppDa...}, goog:chromeOptions: {debuggerAddress: localhost:50877}, javascriptEnabled: true, networkConnectionEnabled: false, pageLoadStrategy: normal, platform: WINDOWS, platformName: WINDOWS, proxy: Proxy(), se:cdp: ws://localhost:50877/devtoo..., se:cdpVersion: 115.0.5790.170, setWindowRect: true, strictFileInteractability: false, timeouts: {implicit: 0, pageLoad: 300000, script: 30000}, unhandledPromptBehavior: dismiss and notify, webauthn:extension:credBlob: true, webauthn:extension:largeBlob: true, webauthn:extension:minPinLength: true, webauthn:extension:prf: true, webauthn:virtualAuthenticators: true}
Session ID: c04b5d9f55a2f83ec1a5cf602555505f
	at Tests.Ummoduletests.ProjectAdd(Ummoduletests.java:57)
]]></failure>
  </testcase>
  <testcase name="ProjectSearch" classname="Tests.Ummoduletests" time="2.019">
    <failure message="no such element: Unable to locate element: {&quot;method&quot;:&quot;xpath&quot;,&quot;selector&quot;:&quot;//*[@id=&quot;leftBarMenu&quot;]/li[5]/ul/li[2]/a&quot;}&#10;  (Session info: chrome=115.0.5790.170)&#10;For documentation on this error, please visit: https://selenium.dev/exceptions/#no_such_element&#10;Build info: version: &apos;4.0.0&apos;, revision: &apos;3a21814679&apos;&#10;System info: host: &apos;ITCLPTP29292122&apos;, ip: &apos;192.168.100.88&apos;, os.name: &apos;Windows 10&apos;, os.arch: &apos;amd64&apos;, os.version: &apos;10.0&apos;, java.version: &apos;17.0.1&apos;&#10;Driver info: org.openqa.selenium.chrome.ChromeDriver&#10;Command: [c04b5d9f55a2f83ec1a5cf602555505f, findElement {using=xpath, value=//*[@id=&quot;leftBarMenu&quot;]/li[5]/ul/li[2]/a}]&#10;Capabilities {acceptInsecureCerts: false, browserName: chrome, browserVersion: 115.0.5790.170, chrome: {chromedriverVersion: 114.0.5735.90 (386bc09e8f4f..., userDataDir: C:\Users\SANDEE~1.VIR\AppDa...}, goog:chromeOptions: {debuggerAddress: localhost:50877}, javascriptEnabled: true, networkConnectionEnabled: false, pageLoadStrategy: normal, platform: WINDOWS, platformName: WINDOWS, proxy: Proxy(), se:cdp: ws://localhost:50877/devtoo..., se:cdpVersion: 115.0.5790.170, setWindowRect: true, strictFileInteractability: false, timeouts: {implicit: 0, pageLoad: 300000, script: 30000}, unhandledPromptBehavior: dismiss and notify, webauthn:extension:credBlob: true, webauthn:extension:largeBlob: true, webauthn:extension:minPinLength: true, webauthn:extension:prf: true, webauthn:virtualAuthenticators: true}&#10;Session ID: c04b5d9f55a2f83ec1a5cf602555505f" type="org.openqa.selenium.NoSuchElementException"><![CDATA[org.openqa.selenium.NoSuchElementException: 
no such element: Unable to locate element: {"method":"xpath","selector":"//*[@id="leftBarMenu"]/li[5]/ul/li[2]/a"}
  (Session info: chrome=115.0.5790.170)
For documentation on this error, please visit: https://selenium.dev/exceptions/#no_such_element
Build info: version: '4.0.0', revision: '3a21814679'
System info: host: 'ITCLPTP29292122', ip: '192.168.100.88', os.name: 'Windows 10', os.arch: 'amd64', os.version: '10.0', java.version: '17.0.1'
Driver info: org.openqa.selenium.chrome.ChromeDriver
Command: [c04b5d9f55a2f83ec1a5cf602555505f, findElement {using=xpath, value=//*[@id="leftBarMenu"]/li[5]/ul/li[2]/a}]
Capabilities {acceptInsecureCerts: false, browserName: chrome, browserVersion: 115.0.5790.170, chrome: {chromedriverVersion: 114.0.5735.90 (386bc09e8f4f..., userDataDir: C:\Users\SANDEE~1.VIR\AppDa...}, goog:chromeOptions: {debuggerAddress: localhost:50877}, javascriptEnabled: true, networkConnectionEnabled: false, pageLoadStrategy: normal, platform: WINDOWS, platformName: WINDOWS, proxy: Proxy(), se:cdp: ws://localhost:50877/devtoo..., se:cdpVersion: 115.0.5790.170, setWindowRect: true, strictFileInteractability: false, timeouts: {implicit: 0, pageLoad: 300000, script: 30000}, unhandledPromptBehavior: dismiss and notify, webauthn:extension:credBlob: true, webauthn:extension:largeBlob: true, webauthn:extension:minPinLength: true, webauthn:extension:prf: true, webauthn:virtualAuthenticators: true}
Session ID: c04b5d9f55a2f83ec1a5cf602555505f
	at Tests.Ummoduletests.ProjectSearch(Ummoduletests.java:60)
]]></failure>
  </testcase>
  <testcase name="Vertical" classname="Tests.Ummoduletests" time="2.047">
    <failure message="no such element: Unable to locate element: {&quot;method&quot;:&quot;xpath&quot;,&quot;selector&quot;:&quot;//span[normalize-space()=&apos;Vertical&apos;]&quot;}&#10;  (Session info: chrome=115.0.5790.170)&#10;For documentation on this error, please visit: https://selenium.dev/exceptions/#no_such_element&#10;Build info: version: &apos;4.0.0&apos;, revision: &apos;3a21814679&apos;&#10;System info: host: &apos;ITCLPTP29292122&apos;, ip: &apos;192.168.100.88&apos;, os.name: &apos;Windows 10&apos;, os.arch: &apos;amd64&apos;, os.version: &apos;10.0&apos;, java.version: &apos;17.0.1&apos;&#10;Driver info: org.openqa.selenium.chrome.ChromeDriver&#10;Command: [c04b5d9f55a2f83ec1a5cf602555505f, findElement {using=xpath, value=//span[normalize-space()=&apos;Vertical&apos;]}]&#10;Capabilities {acceptInsecureCerts: false, browserName: chrome, browserVersion: 115.0.5790.170, chrome: {chromedriverVersion: 114.0.5735.90 (386bc09e8f4f..., userDataDir: C:\Users\SANDEE~1.VIR\AppDa...}, goog:chromeOptions: {debuggerAddress: localhost:50877}, javascriptEnabled: true, networkConnectionEnabled: false, pageLoadStrategy: normal, platform: WINDOWS, platformName: WINDOWS, proxy: Proxy(), se:cdp: ws://localhost:50877/devtoo..., se:cdpVersion: 115.0.5790.170, setWindowRect: true, strictFileInteractability: false, timeouts: {implicit: 0, pageLoad: 300000, script: 30000}, unhandledPromptBehavior: dismiss and notify, webauthn:extension:credBlob: true, webauthn:extension:largeBlob: true, webauthn:extension:minPinLength: true, webauthn:extension:prf: true, webauthn:virtualAuthenticators: true}&#10;Session ID: c04b5d9f55a2f83ec1a5cf602555505f" type="org.openqa.selenium.NoSuchElementException"><![CDATA[org.openqa.selenium.NoSuchElementException: 
no such element: Unable to locate element: {"method":"xpath","selector":"//span[normalize-space()='Vertical']"}
  (Session info: chrome=115.0.5790.170)
For documentation on this error, please visit: https://selenium.dev/exceptions/#no_such_element
Build info: version: '4.0.0', revision: '3a21814679'
System info: host: 'ITCLPTP29292122', ip: '192.168.100.88', os.name: 'Windows 10', os.arch: 'amd64', os.version: '10.0', java.version: '17.0.1'
Driver info: org.openqa.selenium.chrome.ChromeDriver
Command: [c04b5d9f55a2f83ec1a5cf602555505f, findElement {using=xpath, value=//span[normalize-space()='Vertical']}]
Capabilities {acceptInsecureCerts: false, browserName: chrome, browserVersion: 115.0.5790.170, chrome: {chromedriverVersion: 114.0.5735.90 (386bc09e8f4f..., userDataDir: C:\Users\SANDEE~1.VIR\AppDa...}, goog:chromeOptions: {debuggerAddress: localhost:50877}, javascriptEnabled: true, networkConnectionEnabled: false, pageLoadStrategy: normal, platform: WINDOWS, platformName: WINDOWS, proxy: Proxy(), se:cdp: ws://localhost:50877/devtoo..., se:cdpVersion: 115.0.5790.170, setWindowRect: true, strictFileInteractability: false, timeouts: {implicit: 0, pageLoad: 300000, script: 30000}, unhandledPromptBehavior: dismiss and notify, webauthn:extension:credBlob: true, webauthn:extension:largeBlob: true, webauthn:extension:minPinLength: true, webauthn:extension:prf: true, webauthn:virtualAuthenticators: true}
Session ID: c04b5d9f55a2f83ec1a5cf602555505f
	at Tests.Ummoduletests.Vertical(Ummoduletests.java:64)
]]></failure>
  </testcase>
  <testcase name="Region" classname="Tests.Ummoduletests" time="2.039">
    <failure message="no such element: Unable to locate element: {&quot;method&quot;:&quot;xpath&quot;,&quot;selector&quot;:&quot;//span[normalize-space()=&apos;Region&apos;]&quot;}&#10;  (Session info: chrome=115.0.5790.170)&#10;For documentation on this error, please visit: https://selenium.dev/exceptions/#no_such_element&#10;Build info: version: &apos;4.0.0&apos;, revision: &apos;3a21814679&apos;&#10;System info: host: &apos;ITCLPTP29292122&apos;, ip: &apos;192.168.100.88&apos;, os.name: &apos;Windows 10&apos;, os.arch: &apos;amd64&apos;, os.version: &apos;10.0&apos;, java.version: &apos;17.0.1&apos;&#10;Driver info: org.openqa.selenium.chrome.ChromeDriver&#10;Command: [c04b5d9f55a2f83ec1a5cf602555505f, findElement {using=xpath, value=//span[normalize-space()=&apos;Region&apos;]}]&#10;Capabilities {acceptInsecureCerts: false, browserName: chrome, browserVersion: 115.0.5790.170, chrome: {chromedriverVersion: 114.0.5735.90 (386bc09e8f4f..., userDataDir: C:\Users\SANDEE~1.VIR\AppDa...}, goog:chromeOptions: {debuggerAddress: localhost:50877}, javascriptEnabled: true, networkConnectionEnabled: false, pageLoadStrategy: normal, platform: WINDOWS, platformName: WINDOWS, proxy: Proxy(), se:cdp: ws://localhost:50877/devtoo..., se:cdpVersion: 115.0.5790.170, setWindowRect: true, strictFileInteractability: false, timeouts: {implicit: 0, pageLoad: 300000, script: 30000}, unhandledPromptBehavior: dismiss and notify, webauthn:extension:credBlob: true, webauthn:extension:largeBlob: true, webauthn:extension:minPinLength: true, webauthn:extension:prf: true, webauthn:virtualAuthenticators: true}&#10;Session ID: c04b5d9f55a2f83ec1a5cf602555505f" type="org.openqa.selenium.NoSuchElementException"><![CDATA[org.openqa.selenium.NoSuchElementException: 
no such element: Unable to locate element: {"method":"xpath","selector":"//span[normalize-space()='Region']"}
  (Session info: chrome=115.0.5790.170)
For documentation on this error, please visit: https://selenium.dev/exceptions/#no_such_element
Build info: version: '4.0.0', revision: '3a21814679'
System info: host: 'ITCLPTP29292122', ip: '192.168.100.88', os.name: 'Windows 10', os.arch: 'amd64', os.version: '10.0', java.version: '17.0.1'
Driver info: org.openqa.selenium.chrome.ChromeDriver
Command: [c04b5d9f55a2f83ec1a5cf602555505f, findElement {using=xpath, value=//span[normalize-space()='Region']}]
Capabilities {acceptInsecureCerts: false, browserName: chrome, browserVersion: 115.0.5790.170, chrome: {chromedriverVersion: 114.0.5735.90 (386bc09e8f4f..., userDataDir: C:\Users\SANDEE~1.VIR\AppDa...}, goog:chromeOptions: {debuggerAddress: localhost:50877}, javascriptEnabled: true, networkConnectionEnabled: false, pageLoadStrategy: normal, platform: WINDOWS, platformName: WINDOWS, proxy: Proxy(), se:cdp: ws://localhost:50877/devtoo..., se:cdpVersion: 115.0.5790.170, setWindowRect: true, strictFileInteractability: false, timeouts: {implicit: 0, pageLoad: 300000, script: 30000}, unhandledPromptBehavior: dismiss and notify, webauthn:extension:credBlob: true, webauthn:extension:largeBlob: true, webauthn:extension:minPinLength: true, webauthn:extension:prf: true, webauthn:virtualAuthenticators: true}
Session ID: c04b5d9f55a2f83ec1a5cf602555505f
	at Tests.Ummoduletests.Region(Ummoduletests.java:68)
]]></failure>
  </testcase>
  <testcase name="Function" classname="Tests.Ummoduletests" time="2.009">
    <failure message="no such element: Unable to locate element: {&quot;method&quot;:&quot;xpath&quot;,&quot;selector&quot;:&quot;//span[normalize-space()=&apos;Function&apos;]&quot;}&#10;  (Session info: chrome=115.0.5790.170)&#10;For documentation on this error, please visit: https://selenium.dev/exceptions/#no_such_element&#10;Build info: version: &apos;4.0.0&apos;, revision: &apos;3a21814679&apos;&#10;System info: host: &apos;ITCLPTP29292122&apos;, ip: &apos;192.168.100.88&apos;, os.name: &apos;Windows 10&apos;, os.arch: &apos;amd64&apos;, os.version: &apos;10.0&apos;, java.version: &apos;17.0.1&apos;&#10;Driver info: org.openqa.selenium.chrome.ChromeDriver&#10;Command: [c04b5d9f55a2f83ec1a5cf602555505f, findElement {using=xpath, value=//span[normalize-space()=&apos;Function&apos;]}]&#10;Capabilities {acceptInsecureCerts: false, browserName: chrome, browserVersion: 115.0.5790.170, chrome: {chromedriverVersion: 114.0.5735.90 (386bc09e8f4f..., userDataDir: C:\Users\SANDEE~1.VIR\AppDa...}, goog:chromeOptions: {debuggerAddress: localhost:50877}, javascriptEnabled: true, networkConnectionEnabled: false, pageLoadStrategy: normal, platform: WINDOWS, platformName: WINDOWS, proxy: Proxy(), se:cdp: ws://localhost:50877/devtoo..., se:cdpVersion: 115.0.5790.170, setWindowRect: true, strictFileInteractability: false, timeouts: {implicit: 0, pageLoad: 300000, script: 30000}, unhandledPromptBehavior: dismiss and notify, webauthn:extension:credBlob: true, webauthn:extension:largeBlob: true, webauthn:extension:minPinLength: true, webauthn:extension:prf: true, webauthn:virtualAuthenticators: true}&#10;Session ID: c04b5d9f55a2f83ec1a5cf602555505f" type="org.openqa.selenium.NoSuchElementException"><![CDATA[org.openqa.selenium.NoSuchElementException: 
no such element: Unable to locate element: {"method":"xpath","selector":"//span[normalize-space()='Function']"}
  (Session info: chrome=115.0.5790.170)
For documentation on this error, please visit: https://selenium.dev/exceptions/#no_such_element
Build info: version: '4.0.0', revision: '3a21814679'
System info: host: 'ITCLPTP29292122', ip: '192.168.100.88', os.name: 'Windows 10', os.arch: 'amd64', os.version: '10.0', java.version: '17.0.1'
Driver info: org.openqa.selenium.chrome.ChromeDriver
Command: [c04b5d9f55a2f83ec1a5cf602555505f, findElement {using=xpath, value=//span[normalize-space()='Function']}]
Capabilities {acceptInsecureCerts: false, browserName: chrome, browserVersion: 115.0.5790.170, chrome: {chromedriverVersion: 114.0.5735.90 (386bc09e8f4f..., userDataDir: C:\Users\SANDEE~1.VIR\AppDa...}, goog:chromeOptions: {debuggerAddress: localhost:50877}, javascriptEnabled: true, networkConnectionEnabled: false, pageLoadStrategy: normal, platform: WINDOWS, platformName: WINDOWS, proxy: Proxy(), se:cdp: ws://localhost:50877/devtoo..., se:cdpVersion: 115.0.5790.170, setWindowRect: true, strictFileInteractability: false, timeouts: {implicit: 0, pageLoad: 300000, script: 30000}, unhandledPromptBehavior: dismiss and notify, webauthn:extension:credBlob: true, webauthn:extension:largeBlob: true, webauthn:extension:minPinLength: true, webauthn:extension:prf: true, webauthn:virtualAuthenticators: true}
Session ID: c04b5d9f55a2f83ec1a5cf602555505f
	at Tests.Ummoduletests.Function(Ummoduletests.java:72)
]]></failure>
  </testcase>
  <testcase name="Position" classname="Tests.Ummoduletests" time="2.067">
    <failure message="no such element: Unable to locate element: {&quot;method&quot;:&quot;xpath&quot;,&quot;selector&quot;:&quot;//span[normalize-space()=&apos;Position&apos;]&quot;}&#10;  (Session info: chrome=115.0.5790.170)&#10;For documentation on this error, please visit: https://selenium.dev/exceptions/#no_such_element&#10;Build info: version: &apos;4.0.0&apos;, revision: &apos;3a21814679&apos;&#10;System info: host: &apos;ITCLPTP29292122&apos;, ip: &apos;192.168.100.88&apos;, os.name: &apos;Windows 10&apos;, os.arch: &apos;amd64&apos;, os.version: &apos;10.0&apos;, java.version: &apos;17.0.1&apos;&#10;Driver info: org.openqa.selenium.chrome.ChromeDriver&#10;Command: [c04b5d9f55a2f83ec1a5cf602555505f, findElement {using=xpath, value=//span[normalize-space()=&apos;Position&apos;]}]&#10;Capabilities {acceptInsecureCerts: false, browserName: chrome, browserVersion: 115.0.5790.170, chrome: {chromedriverVersion: 114.0.5735.90 (386bc09e8f4f..., userDataDir: C:\Users\SANDEE~1.VIR\AppDa...}, goog:chromeOptions: {debuggerAddress: localhost:50877}, javascriptEnabled: true, networkConnectionEnabled: false, pageLoadStrategy: normal, platform: WINDOWS, platformName: WINDOWS, proxy: Proxy(), se:cdp: ws://localhost:50877/devtoo..., se:cdpVersion: 115.0.5790.170, setWindowRect: true, strictFileInteractability: false, timeouts: {implicit: 0, pageLoad: 300000, script: 30000}, unhandledPromptBehavior: dismiss and notify, webauthn:extension:credBlob: true, webauthn:extension:largeBlob: true, webauthn:extension:minPinLength: true, webauthn:extension:prf: true, webauthn:virtualAuthenticators: true}&#10;Session ID: c04b5d9f55a2f83ec1a5cf602555505f" type="org.openqa.selenium.NoSuchElementException"><![CDATA[org.openqa.selenium.NoSuchElementException: 
no such element: Unable to locate element: {"method":"xpath","selector":"//span[normalize-space()='Position']"}
  (Session info: chrome=115.0.5790.170)
For documentation on this error, please visit: https://selenium.dev/exceptions/#no_such_element
Build info: version: '4.0.0', revision: '3a21814679'
System info: host: 'ITCLPTP29292122', ip: '192.168.100.88', os.name: 'Windows 10', os.arch: 'amd64', os.version: '10.0', java.version: '17.0.1'
Driver info: org.openqa.selenium.chrome.ChromeDriver
Command: [c04b5d9f55a2f83ec1a5cf602555505f, findElement {using=xpath, value=//span[normalize-space()='Position']}]
Capabilities {acceptInsecureCerts: false, browserName: chrome, browserVersion: 115.0.5790.170, chrome: {chromedriverVersion: 114.0.5735.90 (386bc09e8f4f..., userDataDir: C:\Users\SANDEE~1.VIR\AppDa...}, goog:chromeOptions: {debuggerAddress: localhost:50877}, javascriptEnabled: true, networkConnectionEnabled: false, pageLoadStrategy: normal, platform: WINDOWS, platformName: WINDOWS, proxy: Proxy(), se:cdp: ws://localhost:50877/devtoo..., se:cdpVersion: 115.0.5790.170, setWindowRect: true, strictFileInteractability: false, timeouts: {implicit: 0, pageLoad: 300000, script: 30000}, unhandledPromptBehavior: dismiss and notify, webauthn:extension:credBlob: true, webauthn:extension:largeBlob: true, webauthn:extension:minPinLength: true, webauthn:extension:prf: true, webauthn:virtualAuthenticators: true}
Session ID: c04b5d9f55a2f83ec1a5cf602555505f
	at Tests.Ummoduletests.Position(Ummoduletests.java:76)
]]></failure>
  </testcase>
  <testcase name="UploadUserRequest" classname="Tests.Ummoduletests" time="2.017">
    <failure message="no such element: Unable to locate element: {&quot;method&quot;:&quot;xpath&quot;,&quot;selector&quot;:&quot;//span[normalize-space()=&apos;Upload User Request&apos;]&quot;}&#10;  (Session info: chrome=115.0.5790.170)&#10;For documentation on this error, please visit: https://selenium.dev/exceptions/#no_such_element&#10;Build info: version: &apos;4.0.0&apos;, revision: &apos;3a21814679&apos;&#10;System info: host: &apos;ITCLPTP29292122&apos;, ip: &apos;192.168.100.88&apos;, os.name: &apos;Windows 10&apos;, os.arch: &apos;amd64&apos;, os.version: &apos;10.0&apos;, java.version: &apos;17.0.1&apos;&#10;Driver info: org.openqa.selenium.chrome.ChromeDriver&#10;Command: [c04b5d9f55a2f83ec1a5cf602555505f, findElement {using=xpath, value=//span[normalize-space()=&apos;Upload User Request&apos;]}]&#10;Capabilities {acceptInsecureCerts: false, browserName: chrome, browserVersion: 115.0.5790.170, chrome: {chromedriverVersion: 114.0.5735.90 (386bc09e8f4f..., userDataDir: C:\Users\SANDEE~1.VIR\AppDa...}, goog:chromeOptions: {debuggerAddress: localhost:50877}, javascriptEnabled: true, networkConnectionEnabled: false, pageLoadStrategy: normal, platform: WINDOWS, platformName: WINDOWS, proxy: Proxy(), se:cdp: ws://localhost:50877/devtoo..., se:cdpVersion: 115.0.5790.170, setWindowRect: true, strictFileInteractability: false, timeouts: {implicit: 0, pageLoad: 300000, script: 30000}, unhandledPromptBehavior: dismiss and notify, webauthn:extension:credBlob: true, webauthn:extension:largeBlob: true, webauthn:extension:minPinLength: true, webauthn:extension:prf: true, webauthn:virtualAuthenticators: true}&#10;Session ID: c04b5d9f55a2f83ec1a5cf602555505f" type="org.openqa.selenium.NoSuchElementException"><![CDATA[org.openqa.selenium.NoSuchElementException: 
no such element: Unable to locate element: {"method":"xpath","selector":"//span[normalize-space()='Upload User Request']"}
  (Session info: chrome=115.0.5790.170)
For documentation on this error, please visit: https://selenium.dev/exceptions/#no_such_element
Build info: version: '4.0.0', revision: '3a21814679'
System info: host: 'ITCLPTP29292122', ip: '192.168.100.88', os.name: 'Windows 10', os.arch: 'amd64', os.version: '10.0', java.version: '17.0.1'
Driver info: org.openqa.selenium.chrome.ChromeDriver
Command: [c04b5d9f55a2f83ec1a5cf602555505f, findElement {using=xpath, value=//span[normalize-space()='Upload User Request']}]
Capabilities {acceptInsecureCerts: false, browserName: chrome, browserVersion: 115.0.5790.170, chrome: {chromedriverVersion: 114.0.5735.90 (386bc09e8f4f..., userDataDir: C:\Users\SANDEE~1.VIR\AppDa...}, goog:chromeOptions: {debuggerAddress: localhost:50877}, javascriptEnabled: true, networkConnectionEnabled: false, pageLoadStrategy: normal, platform: WINDOWS, platformName: WINDOWS, proxy: Proxy(), se:cdp: ws://localhost:50877/devtoo..., se:cdpVersion: 115.0.5790.170, setWindowRect: true, strictFileInteractability: false, timeouts: {implicit: 0, pageLoad: 300000, script: 30000}, unhandledPromptBehavior: dismiss and notify, webauthn:extension:credBlob: true, webauthn:extension:largeBlob: true, webauthn:extension:minPinLength: true, webauthn:extension:prf: true, webauthn:virtualAuthenticators: true}
Session ID: c04b5d9f55a2f83ec1a5cf602555505f
	at Tests.Ummoduletests.UploadUserRequest(Ummoduletests.java:82)
]]></failure>
  </testcase>
  <testcase name="Group" classname="Tests.Ummoduletests" time="2.069">
    <failure message="no such element: Unable to locate element: {&quot;method&quot;:&quot;xpath&quot;,&quot;selector&quot;:&quot;//span[normalize-space()=&apos;Group&apos;]&quot;}&#10;  (Session info: chrome=115.0.5790.170)&#10;For documentation on this error, please visit: https://selenium.dev/exceptions/#no_such_element&#10;Build info: version: &apos;4.0.0&apos;, revision: &apos;3a21814679&apos;&#10;System info: host: &apos;ITCLPTP29292122&apos;, ip: &apos;192.168.100.88&apos;, os.name: &apos;Windows 10&apos;, os.arch: &apos;amd64&apos;, os.version: &apos;10.0&apos;, java.version: &apos;17.0.1&apos;&#10;Driver info: org.openqa.selenium.chrome.ChromeDriver&#10;Command: [c04b5d9f55a2f83ec1a5cf602555505f, findElement {using=xpath, value=//span[normalize-space()=&apos;Group&apos;]}]&#10;Capabilities {acceptInsecureCerts: false, browserName: chrome, browserVersion: 115.0.5790.170, chrome: {chromedriverVersion: 114.0.5735.90 (386bc09e8f4f..., userDataDir: C:\Users\SANDEE~1.VIR\AppDa...}, goog:chromeOptions: {debuggerAddress: localhost:50877}, javascriptEnabled: true, networkConnectionEnabled: false, pageLoadStrategy: normal, platform: WINDOWS, platformName: WINDOWS, proxy: Proxy(), se:cdp: ws://localhost:50877/devtoo..., se:cdpVersion: 115.0.5790.170, setWindowRect: true, strictFileInteractability: false, timeouts: {implicit: 0, pageLoad: 300000, script: 30000}, unhandledPromptBehavior: dismiss and notify, webauthn:extension:credBlob: true, webauthn:extension:largeBlob: true, webauthn:extension:minPinLength: true, webauthn:extension:prf: true, webauthn:virtualAuthenticators: true}&#10;Session ID: c04b5d9f55a2f83ec1a5cf602555505f" type="org.openqa.selenium.NoSuchElementException"><![CDATA[org.openqa.selenium.NoSuchElementException: 
no such element: Unable to locate element: {"method":"xpath","selector":"//span[normalize-space()='Group']"}
  (Session info: chrome=115.0.5790.170)
For documentation on this error, please visit: https://selenium.dev/exceptions/#no_such_element
Build info: version: '4.0.0', revision: '3a21814679'
System info: host: 'ITCLPTP29292122', ip: '192.168.100.88', os.name: 'Windows 10', os.arch: 'amd64', os.version: '10.0', java.version: '17.0.1'
Driver info: org.openqa.selenium.chrome.ChromeDriver
Command: [c04b5d9f55a2f83ec1a5cf602555505f, findElement {using=xpath, value=//span[normalize-space()='Group']}]
Capabilities {acceptInsecureCerts: false, browserName: chrome, browserVersion: 115.0.5790.170, chrome: {chromedriverVersion: 114.0.5735.90 (386bc09e8f4f..., userDataDir: C:\Users\SANDEE~1.VIR\AppDa...}, goog:chromeOptions: {debuggerAddress: localhost:50877}, javascriptEnabled: true, networkConnectionEnabled: false, pageLoadStrategy: normal, platform: WINDOWS, platformName: WINDOWS, proxy: Proxy(), se:cdp: ws://localhost:50877/devtoo..., se:cdpVersion: 115.0.5790.170, setWindowRect: true, strictFileInteractability: false, timeouts: {implicit: 0, pageLoad: 300000, script: 30000}, unhandledPromptBehavior: dismiss and notify, webauthn:extension:credBlob: true, webauthn:extension:largeBlob: true, webauthn:extension:minPinLength: true, webauthn:extension:prf: true, webauthn:virtualAuthenticators: true}
Session ID: c04b5d9f55a2f83ec1a5cf602555505f
	at Tests.Ummoduletests.Group(Ummoduletests.java:86)
]]></failure>
  </testcase>
  <testcase name="AddNmruser" classname="Tests.Ummoduletests" time="2.077">
    <failure message="no such element: Unable to locate element: {&quot;method&quot;:&quot;xpath&quot;,&quot;selector&quot;:&quot;//*[@id=&quot;leftBarMenu&quot;]/li[3]/ul/li[1]/a&quot;}&#10;  (Session info: chrome=115.0.5790.170)&#10;For documentation on this error, please visit: https://selenium.dev/exceptions/#no_such_element&#10;Build info: version: &apos;4.0.0&apos;, revision: &apos;3a21814679&apos;&#10;System info: host: &apos;ITCLPTP29292122&apos;, ip: &apos;192.168.100.88&apos;, os.name: &apos;Windows 10&apos;, os.arch: &apos;amd64&apos;, os.version: &apos;10.0&apos;, java.version: &apos;17.0.1&apos;&#10;Driver info: org.openqa.selenium.chrome.ChromeDriver&#10;Command: [c04b5d9f55a2f83ec1a5cf602555505f, findElement {using=xpath, value=//*[@id=&quot;leftBarMenu&quot;]/li[3]/ul/li[1]/a}]&#10;Capabilities {acceptInsecureCerts: false, browserName: chrome, browserVersion: 115.0.5790.170, chrome: {chromedriverVersion: 114.0.5735.90 (386bc09e8f4f..., userDataDir: C:\Users\SANDEE~1.VIR\AppDa...}, goog:chromeOptions: {debuggerAddress: localhost:50877}, javascriptEnabled: true, networkConnectionEnabled: false, pageLoadStrategy: normal, platform: WINDOWS, platformName: WINDOWS, proxy: Proxy(), se:cdp: ws://localhost:50877/devtoo..., se:cdpVersion: 115.0.5790.170, setWindowRect: true, strictFileInteractability: false, timeouts: {implicit: 0, pageLoad: 300000, script: 30000}, unhandledPromptBehavior: dismiss and notify, webauthn:extension:credBlob: true, webauthn:extension:largeBlob: true, webauthn:extension:minPinLength: true, webauthn:extension:prf: true, webauthn:virtualAuthenticators: true}&#10;Session ID: c04b5d9f55a2f83ec1a5cf602555505f" type="org.openqa.selenium.NoSuchElementException"><![CDATA[org.openqa.selenium.NoSuchElementException: 
no such element: Unable to locate element: {"method":"xpath","selector":"//*[@id="leftBarMenu"]/li[3]/ul/li[1]/a"}
  (Session info: chrome=115.0.5790.170)
For documentation on this error, please visit: https://selenium.dev/exceptions/#no_such_element
Build info: version: '4.0.0', revision: '3a21814679'
System info: host: 'ITCLPTP29292122', ip: '192.168.100.88', os.name: 'Windows 10', os.arch: 'amd64', os.version: '10.0', java.version: '17.0.1'
Driver info: org.openqa.selenium.chrome.ChromeDriver
Command: [c04b5d9f55a2f83ec1a5cf602555505f, findElement {using=xpath, value=//*[@id="leftBarMenu"]/li[3]/ul/li[1]/a}]
Capabilities {acceptInsecureCerts: false, browserName: chrome, browserVersion: 115.0.5790.170, chrome: {chromedriverVersion: 114.0.5735.90 (386bc09e8f4f..., userDataDir: C:\Users\SANDEE~1.VIR\AppDa...}, goog:chromeOptions: {debuggerAddress: localhost:50877}, javascriptEnabled: true, networkConnectionEnabled: false, pageLoadStrategy: normal, platform: WINDOWS, platformName: WINDOWS, proxy: Proxy(), se:cdp: ws://localhost:50877/devtoo..., se:cdpVersion: 115.0.5790.170, setWindowRect: true, strictFileInteractability: false, timeouts: {implicit: 0, pageLoad: 300000, script: 30000}, unhandledPromptBehavior: dismiss and notify, webauthn:extension:credBlob: true, webauthn:extension:largeBlob: true, webauthn:extension:minPinLength: true, webauthn:extension:prf: true, webauthn:virtualAuthenticators: true}
Session ID: c04b5d9f55a2f83ec1a5cf602555505f
	at Tests.Ummoduletests.AddNmruser(Ummoduletests.java:91)
]]></failure>
  </testcase>
  <testcase name="AddAssignment[http://192.168.10.172:2021/Account/Login](1)" classname="Tests.Ummoduletests" time="30.691">
    <failure message="Expected condition failed: waiting for element to be clickable: By.xpath: //span[normalize-space()=&apos;UM&apos;] (tried for 30 second(s) with 500 milliseconds interval)&#10;Build info: version: &apos;4.0.0&apos;, revision: &apos;3a21814679&apos;&#10;System info: host: &apos;ITCLPTP29292122&apos;, ip: &apos;192.168.100.88&apos;, os.name: &apos;Windows 10&apos;, os.arch: &apos;amd64&apos;, os.version: &apos;10.0&apos;, java.version: &apos;17.0.1&apos;&#10;Driver info: org.openqa.selenium.chrome.ChromeDriver&#10;Capabilities {acceptInsecureCerts: false, browserName: chrome, browserVersion: 115.0.5790.170, chrome: {chromedriverVersion: 114.0.5735.90 (386bc09e8f4f..., userDataDir: C:\Users\SANDEE~1.VIR\AppDa...}, goog:chromeOptions: {debuggerAddress: localhost:50877}, javascriptEnabled: true, networkConnectionEnabled: false, pageLoadStrategy: normal, platform: WINDOWS, platformName: WINDOWS, proxy: Proxy(), se:cdp: ws://localhost:50877/devtoo..., se:cdpVersion: 115.0.5790.170, setWindowRect: true, strictFileInteractability: false, timeouts: {implicit: 0, pageLoad: 300000, script: 30000}, unhandledPromptBehavior: dismiss and notify, webauthn:extension:credBlob: true, webauthn:extension:largeBlob: true, webauthn:extension:minPinLength: true, webauthn:extension:prf: true, webauthn:virtualAuthenticators: true}&#10;Session ID: c04b5d9f55a2f83ec1a5cf602555505f" type="org.openqa.selenium.TimeoutException"><![CDATA[org.openqa.selenium.TimeoutException: 
Expected condition failed: waiting for element to be clickable: By.xpath: //span[normalize-space()='UM'] (tried for 30 second(s) with 500 milliseconds interval)
Build info: version: '4.0.0', revision: '3a21814679'
System info: host: 'ITCLPTP29292122', ip: '192.168.100.88', os.name: 'Windows 10', os.arch: 'amd64', os.version: '10.0', java.version: '17.0.1'
Driver info: org.openqa.selenium.chrome.ChromeDriver
Capabilities {acceptInsecureCerts: false, browserName: chrome, browserVersion: 115.0.5790.170, chrome: {chromedriverVersion: 114.0.5735.90 (386bc09e8f4f..., userDataDir: C:\Users\SANDEE~1.VIR\AppDa...}, goog:chromeOptions: {debuggerAddress: localhost:50877}, javascriptEnabled: true, networkConnectionEnabled: false, pageLoadStrategy: normal, platform: WINDOWS, platformName: WINDOWS, proxy: Proxy(), se:cdp: ws://localhost:50877/devtoo..., se:cdpVersion: 115.0.5790.170, setWindowRect: true, strictFileInteractability: false, timeouts: {implicit: 0, pageLoad: 300000, script: 30000}, unhandledPromptBehavior: dismiss and notify, webauthn:extension:credBlob: true, webauthn:extension:largeBlob: true, webauthn:extension:minPinLength: true, webauthn:extension:prf: true, webauthn:virtualAuthenticators: true}
Session ID: c04b5d9f55a2f83ec1a5cf602555505f
	at Tests.Ummoduletests.AddAssignment(Ummoduletests.java:97)
]]></failure>
  </testcase>
  <testcase name="loginCreatedUser" classname="Tests.Ummoduletests" time="42.256">
    <failure message="unknown error: net::ERR_CONNECTION_TIMED_OUT&#10;  (Session info: chrome=115.0.5790.170)&#10;Build info: version: &apos;4.0.0&apos;, revision: &apos;3a21814679&apos;&#10;System info: host: &apos;ITCLPTP29292122&apos;, ip: &apos;192.168.100.88&apos;, os.name: &apos;Windows 10&apos;, os.arch: &apos;amd64&apos;, os.version: &apos;10.0&apos;, java.version: &apos;17.0.1&apos;&#10;Driver info: org.openqa.selenium.chrome.ChromeDriver&#10;Command: [c04b5d9f55a2f83ec1a5cf602555505f, get {url=http://192.168.10.37:9081/Account/Login}]&#10;Capabilities {acceptInsecureCerts: false, browserName: chrome, browserVersion: 115.0.5790.170, chrome: {chromedriverVersion: 114.0.5735.90 (386bc09e8f4f..., userDataDir: C:\Users\SANDEE~1.VIR\AppDa...}, goog:chromeOptions: {debuggerAddress: localhost:50877}, javascriptEnabled: true, networkConnectionEnabled: false, pageLoadStrategy: normal, platform: WINDOWS, platformName: WINDOWS, proxy: Proxy(), se:cdp: ws://localhost:50877/devtoo..., se:cdpVersion: 115.0.5790.170, setWindowRect: true, strictFileInteractability: false, timeouts: {implicit: 0, pageLoad: 300000, script: 30000}, unhandledPromptBehavior: dismiss and notify, webauthn:extension:credBlob: true, webauthn:extension:largeBlob: true, webauthn:extension:minPinLength: true, webauthn:extension:prf: true, webauthn:virtualAuthenticators: true}&#10;Session ID: c04b5d9f55a2f83ec1a5cf602555505f" type="org.openqa.selenium.WebDriverException"><![CDATA[org.openqa.selenium.WebDriverException: 
unknown error: net::ERR_CONNECTION_TIMED_OUT
  (Session info: chrome=115.0.5790.170)
Build info: version: '4.0.0', revision: '3a21814679'
System info: host: 'ITCLPTP29292122', ip: '192.168.100.88', os.name: 'Windows 10', os.arch: 'amd64', os.version: '10.0', java.version: '17.0.1'
Driver info: org.openqa.selenium.chrome.ChromeDriver
Command: [c04b5d9f55a2f83ec1a5cf602555505f, get {url=http://192.168.10.37:9081/Account/Login}]
Capabilities {acceptInsecureCerts: false, browserName: chrome, browserVersion: 115.0.5790.170, chrome: {chromedriverVersion: 114.0.5735.90 (386bc09e8f4f..., userDataDir: C:\Users\SANDEE~1.VIR\AppDa...}, goog:chromeOptions: {debuggerAddress: localhost:50877}, javascriptEnabled: true, networkConnectionEnabled: false, pageLoadStrategy: normal, platform: WINDOWS, platformName: WINDOWS, proxy: Proxy(), se:cdp: ws://localhost:50877/devtoo..., se:cdpVersion: 115.0.5790.170, setWindowRect: true, strictFileInteractability: false, timeouts: {implicit: 0, pageLoad: 300000, script: 30000}, unhandledPromptBehavior: dismiss and notify, webauthn:extension:credBlob: true, webauthn:extension:largeBlob: true, webauthn:extension:minPinLength: true, webauthn:extension:prf: true, webauthn:virtualAuthenticators: true}
Session ID: c04b5d9f55a2f83ec1a5cf602555505f
	at Tests.Ummoduletests.loginCreatedUser(Ummoduletests.java:102)
]]></failure>
  </testcase>
  <testcase name="UpdateUserProfile[http://192.168.10.172:2021/Account/Login](1)" classname="Tests.Ummoduletests" time="31.138">
    <failure message="Expected condition failed: waiting for element to be clickable: By.xpath: //span[normalize-space()=&apos;UM&apos;] (tried for 30 second(s) with 500 milliseconds interval)&#10;Build info: version: &apos;4.0.0&apos;, revision: &apos;3a21814679&apos;&#10;System info: host: &apos;ITCLPTP29292122&apos;, ip: &apos;192.168.100.88&apos;, os.name: &apos;Windows 10&apos;, os.arch: &apos;amd64&apos;, os.version: &apos;10.0&apos;, java.version: &apos;17.0.1&apos;&#10;Driver info: org.openqa.selenium.chrome.ChromeDriver&#10;Capabilities {acceptInsecureCerts: false, browserName: chrome, browserVersion: 115.0.5790.170, chrome: {chromedriverVersion: 114.0.5735.90 (386bc09e8f4f..., userDataDir: C:\Users\SANDEE~1.VIR\AppDa...}, goog:chromeOptions: {debuggerAddress: localhost:50877}, javascriptEnabled: true, networkConnectionEnabled: false, pageLoadStrategy: normal, platform: WINDOWS, platformName: WINDOWS, proxy: Proxy(), se:cdp: ws://localhost:50877/devtoo..., se:cdpVersion: 115.0.5790.170, setWindowRect: true, strictFileInteractability: false, timeouts: {implicit: 0, pageLoad: 300000, script: 30000}, unhandledPromptBehavior: dismiss and notify, webauthn:extension:credBlob: true, webauthn:extension:largeBlob: true, webauthn:extension:minPinLength: true, webauthn:extension:prf: true, webauthn:virtualAuthenticators: true}&#10;Session ID: c04b5d9f55a2f83ec1a5cf602555505f" type="org.openqa.selenium.TimeoutException"><![CDATA[org.openqa.selenium.TimeoutException: 
Expected condition failed: waiting for element to be clickable: By.xpath: //span[normalize-space()='UM'] (tried for 30 second(s) with 500 milliseconds interval)
Build info: version: '4.0.0', revision: '3a21814679'
System info: host: 'ITCLPTP29292122', ip: '192.168.100.88', os.name: 'Windows 10', os.arch: 'amd64', os.version: '10.0', java.version: '17.0.1'
Driver info: org.openqa.selenium.chrome.ChromeDriver
Capabilities {acceptInsecureCerts: false, browserName: chrome, browserVersion: 115.0.5790.170, chrome: {chromedriverVersion: 114.0.5735.90 (386bc09e8f4f..., userDataDir: C:\Users\SANDEE~1.VIR\AppDa...}, goog:chromeOptions: {debuggerAddress: localhost:50877}, javascriptEnabled: true, networkConnectionEnabled: false, pageLoadStrategy: normal, platform: WINDOWS, platformName: WINDOWS, proxy: Proxy(), se:cdp: ws://localhost:50877/devtoo..., se:cdpVersion: 115.0.5790.170, setWindowRect: true, strictFileInteractability: false, timeouts: {implicit: 0, pageLoad: 300000, script: 30000}, unhandledPromptBehavior: dismiss and notify, webauthn:extension:credBlob: true, webauthn:extension:largeBlob: true, webauthn:extension:minPinLength: true, webauthn:extension:prf: true, webauthn:virtualAuthenticators: true}
Session ID: c04b5d9f55a2f83ec1a5cf602555505f
	at Tests.Ummoduletests.UpdateUserProfile(Ummoduletests.java:107)
]]></failure>
  </testcase>
  <testcase name="UpdateUserWithSecondAssignment[http://192.168.10.172:2021/Account/Login](1)" classname="Tests.Ummoduletests" time="30.929">
    <failure message="Expected condition failed: waiting for element to be clickable: By.xpath: //span[normalize-space()=&apos;UM&apos;] (tried for 30 second(s) with 500 milliseconds interval)&#10;Build info: version: &apos;4.0.0&apos;, revision: &apos;3a21814679&apos;&#10;System info: host: &apos;ITCLPTP29292122&apos;, ip: &apos;192.168.100.88&apos;, os.name: &apos;Windows 10&apos;, os.arch: &apos;amd64&apos;, os.version: &apos;10.0&apos;, java.version: &apos;17.0.1&apos;&#10;Driver info: org.openqa.selenium.chrome.ChromeDriver&#10;Capabilities {acceptInsecureCerts: false, browserName: chrome, browserVersion: 115.0.5790.170, chrome: {chromedriverVersion: 114.0.5735.90 (386bc09e8f4f..., userDataDir: C:\Users\SANDEE~1.VIR\AppDa...}, goog:chromeOptions: {debuggerAddress: localhost:50877}, javascriptEnabled: true, networkConnectionEnabled: false, pageLoadStrategy: normal, platform: WINDOWS, platformName: WINDOWS, proxy: Proxy(), se:cdp: ws://localhost:50877/devtoo..., se:cdpVersion: 115.0.5790.170, setWindowRect: true, strictFileInteractability: false, timeouts: {implicit: 0, pageLoad: 300000, script: 30000}, unhandledPromptBehavior: dismiss and notify, webauthn:extension:credBlob: true, webauthn:extension:largeBlob: true, webauthn:extension:minPinLength: true, webauthn:extension:prf: true, webauthn:virtualAuthenticators: true}&#10;Session ID: c04b5d9f55a2f83ec1a5cf602555505f" type="org.openqa.selenium.TimeoutException"><![CDATA[org.openqa.selenium.TimeoutException: 
Expected condition failed: waiting for element to be clickable: By.xpath: //span[normalize-space()='UM'] (tried for 30 second(s) with 500 milliseconds interval)
Build info: version: '4.0.0', revision: '3a21814679'
System info: host: 'ITCLPTP29292122', ip: '192.168.100.88', os.name: 'Windows 10', os.arch: 'amd64', os.version: '10.0', java.version: '17.0.1'
Driver info: org.openqa.selenium.chrome.ChromeDriver
Capabilities {acceptInsecureCerts: false, browserName: chrome, browserVersion: 115.0.5790.170, chrome: {chromedriverVersion: 114.0.5735.90 (386bc09e8f4f..., userDataDir: C:\Users\SANDEE~1.VIR\AppDa...}, goog:chromeOptions: {debuggerAddress: localhost:50877}, javascriptEnabled: true, networkConnectionEnabled: false, pageLoadStrategy: normal, platform: WINDOWS, platformName: WINDOWS, proxy: Proxy(), se:cdp: ws://localhost:50877/devtoo..., se:cdpVersion: 115.0.5790.170, setWindowRect: true, strictFileInteractability: false, timeouts: {implicit: 0, pageLoad: 300000, script: 30000}, unhandledPromptBehavior: dismiss and notify, webauthn:extension:credBlob: true, webauthn:extension:largeBlob: true, webauthn:extension:minPinLength: true, webauthn:extension:prf: true, webauthn:virtualAuthenticators: true}
Session ID: c04b5d9f55a2f83ec1a5cf602555505f
	at Tests.Ummoduletests.UpdateUserWithSecondAssignment(Ummoduletests.java:114)
]]></failure>
  </testcase>
  <testcase name="SecondAssginmentaddedverify[http://192.168.10.172:2021/Account/Login](1)" classname="Tests.Ummoduletests" time="30.545">
    <failure message="Expected condition failed: waiting for element to be clickable: By.xpath: //span[normalize-space()=&apos;UM&apos;] (tried for 30 second(s) with 500 milliseconds interval)&#10;Build info: version: &apos;4.0.0&apos;, revision: &apos;3a21814679&apos;&#10;System info: host: &apos;ITCLPTP29292122&apos;, ip: &apos;192.168.100.88&apos;, os.name: &apos;Windows 10&apos;, os.arch: &apos;amd64&apos;, os.version: &apos;10.0&apos;, java.version: &apos;17.0.1&apos;&#10;Driver info: org.openqa.selenium.chrome.ChromeDriver&#10;Capabilities {acceptInsecureCerts: false, browserName: chrome, browserVersion: 115.0.5790.170, chrome: {chromedriverVersion: 114.0.5735.90 (386bc09e8f4f..., userDataDir: C:\Users\SANDEE~1.VIR\AppDa...}, goog:chromeOptions: {debuggerAddress: localhost:50877}, javascriptEnabled: true, networkConnectionEnabled: false, pageLoadStrategy: normal, platform: WINDOWS, platformName: WINDOWS, proxy: Proxy(), se:cdp: ws://localhost:50877/devtoo..., se:cdpVersion: 115.0.5790.170, setWindowRect: true, strictFileInteractability: false, timeouts: {implicit: 0, pageLoad: 300000, script: 30000}, unhandledPromptBehavior: dismiss and notify, webauthn:extension:credBlob: true, webauthn:extension:largeBlob: true, webauthn:extension:minPinLength: true, webauthn:extension:prf: true, webauthn:virtualAuthenticators: true}&#10;Session ID: c04b5d9f55a2f83ec1a5cf602555505f" type="org.openqa.selenium.TimeoutException"><![CDATA[org.openqa.selenium.TimeoutException: 
Expected condition failed: waiting for element to be clickable: By.xpath: //span[normalize-space()='UM'] (tried for 30 second(s) with 500 milliseconds interval)
Build info: version: '4.0.0', revision: '3a21814679'
System info: host: 'ITCLPTP29292122', ip: '192.168.100.88', os.name: 'Windows 10', os.arch: 'amd64', os.version: '10.0', java.version: '17.0.1'
Driver info: org.openqa.selenium.chrome.ChromeDriver
Capabilities {acceptInsecureCerts: false, browserName: chrome, browserVersion: 115.0.5790.170, chrome: {chromedriverVersion: 114.0.5735.90 (386bc09e8f4f..., userDataDir: C:\Users\SANDEE~1.VIR\AppDa...}, goog:chromeOptions: {debuggerAddress: localhost:50877}, javascriptEnabled: true, networkConnectionEnabled: false, pageLoadStrategy: normal, platform: WINDOWS, platformName: WINDOWS, proxy: Proxy(), se:cdp: ws://localhost:50877/devtoo..., se:cdpVersion: 115.0.5790.170, setWindowRect: true, strictFileInteractability: false, timeouts: {implicit: 0, pageLoad: 300000, script: 30000}, unhandledPromptBehavior: dismiss and notify, webauthn:extension:credBlob: true, webauthn:extension:largeBlob: true, webauthn:extension:minPinLength: true, webauthn:extension:prf: true, webauthn:virtualAuthenticators: true}
Session ID: c04b5d9f55a2f83ec1a5cf602555505f
	at Tests.Ummoduletests.SecondAssginmentaddedverify(Ummoduletests.java:122)
]]></failure>
  </testcase>
  <testcase name="ScheduleTransfer[http://192.168.10.172:2021/Account/Login](1)" classname="Tests.Ummoduletests" time="40.959">
    <failure message="Expected condition failed: waiting for element to be clickable: By.xpath: //span[normalize-space()=&apos;UM&apos;] (tried for 30 second(s) with 500 milliseconds interval)&#10;Build info: version: &apos;4.0.0&apos;, revision: &apos;3a21814679&apos;&#10;System info: host: &apos;ITCLPTP29292122&apos;, ip: &apos;192.168.100.88&apos;, os.name: &apos;Windows 10&apos;, os.arch: &apos;amd64&apos;, os.version: &apos;10.0&apos;, java.version: &apos;17.0.1&apos;&#10;Driver info: org.openqa.selenium.chrome.ChromeDriver&#10;Capabilities {acceptInsecureCerts: false, browserName: chrome, browserVersion: 115.0.5790.170, chrome: {chromedriverVersion: 114.0.5735.90 (386bc09e8f4f..., userDataDir: C:\Users\SANDEE~1.VIR\AppDa...}, goog:chromeOptions: {debuggerAddress: localhost:50877}, javascriptEnabled: true, networkConnectionEnabled: false, pageLoadStrategy: normal, platform: WINDOWS, platformName: WINDOWS, proxy: Proxy(), se:cdp: ws://localhost:50877/devtoo..., se:cdpVersion: 115.0.5790.170, setWindowRect: true, strictFileInteractability: false, timeouts: {implicit: 0, pageLoad: 300000, script: 30000}, unhandledPromptBehavior: dismiss and notify, webauthn:extension:credBlob: true, webauthn:extension:largeBlob: true, webauthn:extension:minPinLength: true, webauthn:extension:prf: true, webauthn:virtualAuthenticators: true}&#10;Session ID: c04b5d9f55a2f83ec1a5cf602555505f" type="org.openqa.selenium.TimeoutException"><![CDATA[org.openqa.selenium.TimeoutException: 
Expected condition failed: waiting for element to be clickable: By.xpath: //span[normalize-space()='UM'] (tried for 30 second(s) with 500 milliseconds interval)
Build info: version: '4.0.0', revision: '3a21814679'
System info: host: 'ITCLPTP29292122', ip: '192.168.100.88', os.name: 'Windows 10', os.arch: 'amd64', os.version: '10.0', java.version: '17.0.1'
Driver info: org.openqa.selenium.chrome.ChromeDriver
Capabilities {acceptInsecureCerts: false, browserName: chrome, browserVersion: 115.0.5790.170, chrome: {chromedriverVersion: 114.0.5735.90 (386bc09e8f4f..., userDataDir: C:\Users\SANDEE~1.VIR\AppDa...}, goog:chromeOptions: {debuggerAddress: localhost:50877}, javascriptEnabled: true, networkConnectionEnabled: false, pageLoadStrategy: normal, platform: WINDOWS, platformName: WINDOWS, proxy: Proxy(), se:cdp: ws://localhost:50877/devtoo..., se:cdpVersion: 115.0.5790.170, setWindowRect: true, strictFileInteractability: false, timeouts: {implicit: 0, pageLoad: 300000, script: 30000}, unhandledPromptBehavior: dismiss and notify, webauthn:extension:credBlob: true, webauthn:extension:largeBlob: true, webauthn:extension:minPinLength: true, webauthn:extension:prf: true, webauthn:virtualAuthenticators: true}
Session ID: c04b5d9f55a2f83ec1a5cf602555505f
	at Tests.Ummoduletests.ScheduleTransfer(Ummoduletests.java:128)
]]></failure>
  </testcase>
  <testcase name="VerifyScheduldeTransferRequest[http://192.168.10.172:2021/Account/Login](1)" classname="Tests.Ummoduletests" time="37.903">
    <failure message="Expected condition failed: waiting for element to be clickable: By.xpath: //span[normalize-space()=&apos;UM&apos;] (tried for 30 second(s) with 500 milliseconds interval)&#10;Build info: version: &apos;4.0.0&apos;, revision: &apos;3a21814679&apos;&#10;System info: host: &apos;ITCLPTP29292122&apos;, ip: &apos;192.168.100.88&apos;, os.name: &apos;Windows 10&apos;, os.arch: &apos;amd64&apos;, os.version: &apos;10.0&apos;, java.version: &apos;17.0.1&apos;&#10;Driver info: org.openqa.selenium.chrome.ChromeDriver&#10;Capabilities {acceptInsecureCerts: false, browserName: chrome, browserVersion: 115.0.5790.170, chrome: {chromedriverVersion: 114.0.5735.90 (386bc09e8f4f..., userDataDir: C:\Users\SANDEE~1.VIR\AppDa...}, goog:chromeOptions: {debuggerAddress: localhost:50877}, javascriptEnabled: true, networkConnectionEnabled: false, pageLoadStrategy: normal, platform: WINDOWS, platformName: WINDOWS, proxy: Proxy(), se:cdp: ws://localhost:50877/devtoo..., se:cdpVersion: 115.0.5790.170, setWindowRect: true, strictFileInteractability: false, timeouts: {implicit: 0, pageLoad: 300000, script: 30000}, unhandledPromptBehavior: dismiss and notify, webauthn:extension:credBlob: true, webauthn:extension:largeBlob: true, webauthn:extension:minPinLength: true, webauthn:extension:prf: true, webauthn:virtualAuthenticators: true}&#10;Session ID: c04b5d9f55a2f83ec1a5cf602555505f" type="org.openqa.selenium.TimeoutException"><![CDATA[org.openqa.selenium.TimeoutException: 
Expected condition failed: waiting for element to be clickable: By.xpath: //span[normalize-space()='UM'] (tried for 30 second(s) with 500 milliseconds interval)
Build info: version: '4.0.0', revision: '3a21814679'
System info: host: 'ITCLPTP29292122', ip: '192.168.100.88', os.name: 'Windows 10', os.arch: 'amd64', os.version: '10.0', java.version: '17.0.1'
Driver info: org.openqa.selenium.chrome.ChromeDriver
Capabilities {acceptInsecureCerts: false, browserName: chrome, browserVersion: 115.0.5790.170, chrome: {chromedriverVersion: 114.0.5735.90 (386bc09e8f4f..., userDataDir: C:\Users\SANDEE~1.VIR\AppDa...}, goog:chromeOptions: {debuggerAddress: localhost:50877}, javascriptEnabled: true, networkConnectionEnabled: false, pageLoadStrategy: normal, platform: WINDOWS, platformName: WINDOWS, proxy: Proxy(), se:cdp: ws://localhost:50877/devtoo..., se:cdpVersion: 115.0.5790.170, setWindowRect: true, strictFileInteractability: false, timeouts: {implicit: 0, pageLoad: 300000, script: 30000}, unhandledPromptBehavior: dismiss and notify, webauthn:extension:credBlob: true, webauthn:extension:largeBlob: true, webauthn:extension:minPinLength: true, webauthn:extension:prf: true, webauthn:virtualAuthenticators: true}
Session ID: c04b5d9f55a2f83ec1a5cf602555505f
	at Tests.Ummoduletests.VerifyScheduldeTransferRequest(Ummoduletests.java:134)
]]></failure>
  </testcase>
  <testcase name="Deactivateuser[http://192.168.10.172:2021/Account/Login](1)" classname="Tests.Ummoduletests" time="40.943">
    <failure message="Expected condition failed: waiting for element to be clickable: By.xpath: //span[normalize-space()=&apos;UM&apos;] (tried for 30 second(s) with 500 milliseconds interval)&#10;Build info: version: &apos;4.0.0&apos;, revision: &apos;3a21814679&apos;&#10;System info: host: &apos;ITCLPTP29292122&apos;, ip: &apos;192.168.100.88&apos;, os.name: &apos;Windows 10&apos;, os.arch: &apos;amd64&apos;, os.version: &apos;10.0&apos;, java.version: &apos;17.0.1&apos;&#10;Driver info: org.openqa.selenium.chrome.ChromeDriver&#10;Capabilities {acceptInsecureCerts: false, browserName: chrome, browserVersion: 115.0.5790.170, chrome: {chromedriverVersion: 114.0.5735.90 (386bc09e8f4f..., userDataDir: C:\Users\SANDEE~1.VIR\AppDa...}, goog:chromeOptions: {debuggerAddress: localhost:50877}, javascriptEnabled: true, networkConnectionEnabled: false, pageLoadStrategy: normal, platform: WINDOWS, platformName: WINDOWS, proxy: Proxy(), se:cdp: ws://localhost:50877/devtoo..., se:cdpVersion: 115.0.5790.170, setWindowRect: true, strictFileInteractability: false, timeouts: {implicit: 0, pageLoad: 300000, script: 30000}, unhandledPromptBehavior: dismiss and notify, webauthn:extension:credBlob: true, webauthn:extension:largeBlob: true, webauthn:extension:minPinLength: true, webauthn:extension:prf: true, webauthn:virtualAuthenticators: true}&#10;Session ID: c04b5d9f55a2f83ec1a5cf602555505f" type="org.openqa.selenium.TimeoutException"><![CDATA[org.openqa.selenium.TimeoutException: 
Expected condition failed: waiting for element to be clickable: By.xpath: //span[normalize-space()='UM'] (tried for 30 second(s) with 500 milliseconds interval)
Build info: version: '4.0.0', revision: '3a21814679'
System info: host: 'ITCLPTP29292122', ip: '192.168.100.88', os.name: 'Windows 10', os.arch: 'amd64', os.version: '10.0', java.version: '17.0.1'
Driver info: org.openqa.selenium.chrome.ChromeDriver
Capabilities {acceptInsecureCerts: false, browserName: chrome, browserVersion: 115.0.5790.170, chrome: {chromedriverVersion: 114.0.5735.90 (386bc09e8f4f..., userDataDir: C:\Users\SANDEE~1.VIR\AppDa...}, goog:chromeOptions: {debuggerAddress: localhost:50877}, javascriptEnabled: true, networkConnectionEnabled: false, pageLoadStrategy: normal, platform: WINDOWS, platformName: WINDOWS, proxy: Proxy(), se:cdp: ws://localhost:50877/devtoo..., se:cdpVersion: 115.0.5790.170, setWindowRect: true, strictFileInteractability: false, timeouts: {implicit: 0, pageLoad: 300000, script: 30000}, unhandledPromptBehavior: dismiss and notify, webauthn:extension:credBlob: true, webauthn:extension:largeBlob: true, webauthn:extension:minPinLength: true, webauthn:extension:prf: true, webauthn:virtualAuthenticators: true}
Session ID: c04b5d9f55a2f83ec1a5cf602555505f
	at Tests.Ummoduletests.Deactivateuser(Ummoduletests.java:140)
]]></failure>
  </testcase>
  <testcase name="Delete[http://192.168.10.172:2021/Account/Login](1)" classname="Tests.Ummoduletests" time="31.9">
    <failure message="Expected condition failed: waiting for element to be clickable: By.xpath: //span[normalize-space()=&apos;UM&apos;] (tried for 30 second(s) with 500 milliseconds interval)&#10;Build info: version: &apos;4.0.0&apos;, revision: &apos;3a21814679&apos;&#10;System info: host: &apos;ITCLPTP29292122&apos;, ip: &apos;192.168.100.88&apos;, os.name: &apos;Windows 10&apos;, os.arch: &apos;amd64&apos;, os.version: &apos;10.0&apos;, java.version: &apos;17.0.1&apos;&#10;Driver info: org.openqa.selenium.chrome.ChromeDriver&#10;Capabilities {acceptInsecureCerts: false, browserName: chrome, browserVersion: 115.0.5790.170, chrome: {chromedriverVersion: 114.0.5735.90 (386bc09e8f4f..., userDataDir: C:\Users\SANDEE~1.VIR\AppDa...}, goog:chromeOptions: {debuggerAddress: localhost:50877}, javascriptEnabled: true, networkConnectionEnabled: false, pageLoadStrategy: normal, platform: WINDOWS, platformName: WINDOWS, proxy: Proxy(), se:cdp: ws://localhost:50877/devtoo..., se:cdpVersion: 115.0.5790.170, setWindowRect: true, strictFileInteractability: false, timeouts: {implicit: 0, pageLoad: 300000, script: 30000}, unhandledPromptBehavior: dismiss and notify, webauthn:extension:credBlob: true, webauthn:extension:largeBlob: true, webauthn:extension:minPinLength: true, webauthn:extension:prf: true, webauthn:virtualAuthenticators: true}&#10;Session ID: c04b5d9f55a2f83ec1a5cf602555505f" type="org.openqa.selenium.TimeoutException"><![CDATA[org.openqa.selenium.TimeoutException: 
Expected condition failed: waiting for element to be clickable: By.xpath: //span[normalize-space()='UM'] (tried for 30 second(s) with 500 milliseconds interval)
Build info: version: '4.0.0', revision: '3a21814679'
System info: host: 'ITCLPTP29292122', ip: '192.168.100.88', os.name: 'Windows 10', os.arch: 'amd64', os.version: '10.0', java.version: '17.0.1'
Driver info: org.openqa.selenium.chrome.ChromeDriver
Capabilities {acceptInsecureCerts: false, browserName: chrome, browserVersion: 115.0.5790.170, chrome: {chromedriverVersion: 114.0.5735.90 (386bc09e8f4f..., userDataDir: C:\Users\SANDEE~1.VIR\AppDa...}, goog:chromeOptions: {debuggerAddress: localhost:50877}, javascriptEnabled: true, networkConnectionEnabled: false, pageLoadStrategy: normal, platform: WINDOWS, platformName: WINDOWS, proxy: Proxy(), se:cdp: ws://localhost:50877/devtoo..., se:cdpVersion: 115.0.5790.170, setWindowRect: true, strictFileInteractability: false, timeouts: {implicit: 0, pageLoad: 300000, script: 30000}, unhandledPromptBehavior: dismiss and notify, webauthn:extension:credBlob: true, webauthn:extension:largeBlob: true, webauthn:extension:minPinLength: true, webauthn:extension:prf: true, webauthn:virtualAuthenticators: true}
Session ID: c04b5d9f55a2f83ec1a5cf602555505f
	at Tests.Ummoduletests.Delete(Ummoduletests.java:147)
]]></failure>
  </testcase>
  <testcase name="CleanupTest" classname="Tests.Cleanup" time="1.202"/>
</testsuite>