<?xml version="1.0" encoding="UTF-8"?>
<testng-results ignored="0" total="3" passed="3" failed="0" skipped="0">
  <reporter-output>
    <line>
      <![CDATA[Attempting to click..<br />]]>
    </line>
    <line>
      <![CDATA[Waited successfully for element with xpath: "//input[@id='EmailId']"<br />]]>
    </line>
    <line>
      <![CDATA[Clicked successfully on WebElement: "//input[@id='EmailId']"<br />]]>
    </line>
    <line>
      <![CDATA[Attempting to type..<br />]]>
    </line>
    <line>
      <![CDATA[Waited successfully for element with xpath: "//input[@id='EmailId']"<br />]]>
    </line>
    <line>
      <![CDATA[Typed successfully into WebElement: "//input[@id='EmailId']", content: "6298_SPACE_LN_098452@itcubedev.dev"<br />]]>
    </line>
    <line>
      <![CDATA[Attempting to click..<br />]]>
    </line>
    <line>
      <![CDATA[Waited successfully for element with xpath: "//input[@id='Password']"<br />]]>
    </line>
    <line>
      <![CDATA[Clicked successfully on WebElement: "//input[@id='Password']"<br />]]>
    </line>
    <line>
      <![CDATA[Attempting to type..<br />]]>
    </line>
    <line>
      <![CDATA[Waited successfully for element with xpath: "//input[@id='Password']"<br />]]>
    </line>
    <line>
      <![CDATA[Typed successfully into WebElement: "//input[@id='Password']", content: "ITCube@098452"<br />]]>
    </line>
    <line>
      <![CDATA[Attempting to click..<br />]]>
    </line>
    <line>
      <![CDATA[Waited successfully for element with xpath: "//button[normalize-space()='Login']"<br />]]>
    </line>
    <line>
      <![CDATA[Clicked successfully on WebElement: "//button[normalize-space()='Login']"<br />]]>
    </line>
    <line>
      <![CDATA[Attempting to click via JS..<br />]]>
    </line>
    <line>
      <![CDATA[Waited successfully for element with outerHTML: <span class="Moduled_name">Action</span><br />]]>
    </line>
    <line>
      <![CDATA[Clicked successfully on WebElement via JS: <span class="Moduled_name">Action</span><br />]]>
    </line>
    <line>
      <![CDATA[Test Verification Passed]]>
    </line>
    <line>
      <![CDATA[Attempting to click..<br />]]>
    </line>
    <line>
      <![CDATA[Waited successfully for element with xpath: "(//span[normalize-space()='Add Meeting'])[1]"<br />]]>
    </line>
    <line>
      <![CDATA[Clicked successfully on WebElement: "(//span[normalize-space()='Add Meeting'])[1]"<br />]]>
    </line>
    <line>
      <![CDATA[Attempting to click via JS..<br />]]>
    </line>
    <line>
      <![CDATA[Waited successfully for element with outerHTML: <span class="multiselect-selected-text">Select</span><br />]]>
    </line>
    <line>
      <![CDATA[Clicked successfully on WebElement via JS: <span class="multiselect-selected-text">Select</span><br />]]>
    </line>
    <line>
      <![CDATA[Attempting to click..<br />]]>
    </line>
    <line>
      <![CDATA[Waited successfully for element with xpath: "//label[normalize-space()='Meeting']"<br />]]>
    </line>
    <line>
      <![CDATA[Clicked successfully on WebElement: "//label[normalize-space()='Meeting']"<br />]]>
    </line>
    <line>
      <![CDATA[Attempting to click via JS..<br />]]>
    </line>
    <line>
      <![CDATA[Waited successfully for element with outerHTML: <span class="multiselect-selected-text">Select</span><br />]]>
    </line>
    <line>
      <![CDATA[Clicked successfully on WebElement via JS: <span class="multiselect-selected-text">Select</span><br />]]>
    </line>
    <line>
      <![CDATA[Attempting to click..<br />]]>
    </line>
    <line>
      <![CDATA[Waited successfully for element with xpath: "//label[normalize-space()='Client Meeting']"<br />]]>
    </line>
    <line>
      <![CDATA[Clicked successfully on WebElement: "//label[normalize-space()='Client Meeting']"<br />]]>
    </line>
    <line>
      <![CDATA[Attempting to click via JS..<br />]]>
    </line>
    <line>
      <![CDATA[Waited successfully for element with outerHTML: <span class="multiselect-selected-text">Select</span><br />]]>
    </line>
    <line>
      <![CDATA[Clicked successfully on WebElement via JS: <span class="multiselect-selected-text">Select</span><br />]]>
    </line>
    <line>
      <![CDATA[Attempting to click..<br />]]>
    </line>
    <line>
      <![CDATA[Waited successfully for element with xpath: "//label[normalize-space()='Internal']"<br />]]>
    </line>
    <line>
      <![CDATA[Clicked successfully on WebElement: "//label[normalize-space()='Internal']"<br />]]>
    </line>
    <line>
      <![CDATA[Attempting to type..<br />]]>
    </line>
    <line>
      <![CDATA[Waited successfully for element with xpath: "//input[@id='_txtTopic']"<br />]]>
    </line>
    <line>
      <![CDATA[Typed successfully into WebElement: "//input[@id='_txtTopic']", content: " Sandeep Automation Testing Dont Edit"<br />]]>
    </line>
    <line>
      <![CDATA[Attempting to type..<br />]]>
    </line>
    <line>
      <![CDATA[Waited successfully for element with xpath: "//textarea[@id='_txtDescription']"<br />]]>
    </line>
    <line>
      <![CDATA[Typed successfully into WebElement: "//textarea[@id='_txtDescription']", content: "Automation Regression Suite"<br />]]>
    </line>
    <line>
      <![CDATA[Attempting to type..<br />]]>
    </line>
    <line>
      <![CDATA[Waited successfully for element with xpath: "//input[@id='txtRequestLocation']  "<br />]]>
    </line>
    <line>
      <![CDATA[Typed successfully into WebElement: "//input[@id='txtRequestLocation']  ", content: "Automation online Call"<br />]]>
    </line>
    <line>
      <![CDATA[Attempting to type..<br />]]>
    </line>
    <line>
      <![CDATA[Waited successfully for element with xpath: "//input[@id='_txtStartDate']"<br />]]>
    </line>
    <line>
      <![CDATA[Typed successfully into WebElement: "//input[@id='_txtStartDate']", content: "30/11/2024"<br />]]>
    </line>
    <line>
      <![CDATA[Attempting to type..<br />]]>
    </line>
    <line>
      <![CDATA[Waited successfully for element with xpath: "//input[@id='StartTime']"<br />]]>
    </line>
    <line>
      <![CDATA[Typed successfully into WebElement: "//input[@id='StartTime']", content: "10:00"<br />]]>
    </line>
    <line>
      <![CDATA[Attempting to type..<br />]]>
    </line>
    <line>
      <![CDATA[Waited successfully for element with xpath: "//input[@id='_txtEndDate']"<br />]]>
    </line>
    <line>
      <![CDATA[Typed successfully into WebElement: "//input[@id='_txtEndDate']", content: "30/11/2024;"<br />]]>
    </line>
    <line>
      <![CDATA[Attempting to type..<br />]]>
    </line>
    <line>
      <![CDATA[Waited successfully for element with xpath: "//input[@id='EndTime'] "<br />]]>
    </line>
    <line>
      <![CDATA[Typed successfully into WebElement: "//input[@id='EndTime'] ", content: "10:30"<br />]]>
    </line>
    <line>
      <![CDATA[Attempting to click via JS..<br />]]>
    </line>
    <line>
      <![CDATA[Waited successfully for element with outerHTML: <span class="multiselect-selected-text">Select</span><br />]]>
    </line>
    <line>
      <![CDATA[Clicked successfully on WebElement via JS: <span class="multiselect-selected-text">Select</span><br />]]>
    </line>
    <line>
      <![CDATA[Attempting to type..<br />]]>
    </line>
    <line>
      <![CDATA[Waited successfully for element with xpath: "//*[@id="actionRequestContainer"]/div[9]/div/span/div/ul/li[1]/div/input"<br />]]>
    </line>
    <line>
      <![CDATA[Typed successfully into WebElement: "//*[@id="actionRequestContainer"]/div[9]/div/span/div/ul/li[1]/div/input", content: "Water"<br />]]>
    </line>
    <line>
      <![CDATA[Attempting to type..<br />]]>
    </line>
    <line>
      <![CDATA[Waited successfully for element with xpath: "//*[@id="actionRequestContainer"]/div[9]/div/span/div/ul/li[1]/div/input"<br />]]>
    </line>
    <line>
      <![CDATA[Typed successfully into WebElement: "//*[@id="actionRequestContainer"]/div[9]/div/span/div/ul/li[1]/div/input", content: "Contracting"<br />]]>
    </line>
    <line>
      <![CDATA[Attempting to type..<br />]]>
    </line>
    <line>
      <![CDATA[Waited successfully for element with xpath: "//*[@id="actionRequestContainer"]/div[9]/div/span/div/ul/li[1]/div/input"<br />]]>
    </line>
    <line>
      <![CDATA[Typed successfully into WebElement: "//*[@id="actionRequestContainer"]/div[9]/div/span/div/ul/li[1]/div/input", content: "bricks"<br />]]>
    </line>
    <line>
      <![CDATA[Attempting to click via JS..<br />]]>
    </line>
    <line>
      <![CDATA[Waited successfully for element with outerHTML: <span class="multiselect-selected-text">Select</span><br />]]>
    </line>
    <line>
      <![CDATA[Clicked successfully on WebElement via JS: <span class="multiselect-selected-text">Select</span><br />]]>
    </line>
    <line>
      <![CDATA[Attempting to click..<br />]]>
    </line>
    <line>
      <![CDATA[Waited successfully for element with xpath: "//label[normalize-space()='Bengaluru']"<br />]]>
    </line>
    <line>
      <![CDATA[Clicked successfully on WebElement: "//label[normalize-space()='Bengaluru']"<br />]]>
    </line>
    <line>
      <![CDATA[Attempting to click via JS..<br />]]>
    </line>
    <line>
      <![CDATA[Waited successfully for element with outerHTML: <span class="multiselect-selected-text">Select</span><br />]]>
    </line>
    <line>
      <![CDATA[Clicked successfully on WebElement via JS: <span class="multiselect-selected-text">Select</span><br />]]>
    </line>
    <line>
      <![CDATA[Attempting to click..<br />]]>
    </line>
    <line>
      <![CDATA[Waited successfully for element with xpath: "//label[normalize-space()='081-Admin project']"<br />]]>
    </line>
    <line>
      <![CDATA[Clicked successfully on WebElement: "//label[normalize-space()='081-Admin project']"<br />]]>
    </line>
    <line>
      <![CDATA[Attempting to click via JS..<br />]]>
    </line>
    <line>
      <![CDATA[Waited successfully for element with outerHTML: <span class="multiselect-selected-text">Select</span><br />]]>
    </line>
    <line>
      <![CDATA[Clicked successfully on WebElement via JS: <span class="multiselect-selected-text">Select</span><br />]]>
    </line>
    <line>
      <![CDATA[Attempting to click..<br />]]>
    </line>
    <line>
      <![CDATA[Waited successfully for element with xpath: "//label[normalize-space()='Accounts']"<br />]]>
    </line>
    <line>
      <![CDATA[Clicked successfully on WebElement: "//label[normalize-space()='Accounts']"<br />]]>
    </line>
    <line>
      <![CDATA[Attempting to click via JS..<br />]]>
    </line>
    <line>
      <![CDATA[Waited successfully for element with outerHTML: <span class="multiselect-selected-text">Accounts</span><br />]]>
    </line>
    <line>
      <![CDATA[Clicked successfully on WebElement via JS: <span class="multiselect-selected-text">Accounts</span><br />]]>
    </line>
    <line>
      <![CDATA[Attempting to click..<br />]]>
    </line>
    <line>
      <![CDATA[Waited successfully for element with xpath: "//span[normalize-space()='Create Meeting']"<br />]]>
    </line>
    <line>
      <![CDATA[Clicked successfully on WebElement: "//span[normalize-space()='Create Meeting']"<br />]]>
    </line>
    <line>
      <![CDATA[waitUntilElementIsVisible: For element with xpath "//form[@id='frmSaveRequest']//div[@id='divSuccessMessageContainer']"<br />]]>
    </line>
    <line>
      <![CDATA[Test Verification Passed]]>
    </line>
    <line>
      <![CDATA[Attempting to type..<br />]]>
    </line>
    <line>
      <![CDATA[Waited successfully for element with xpath: "//input[@id='txtSearchControl']"<br />]]>
    </line>
    <line>
      <![CDATA[Typed successfully into WebElement: "//input[@id='txtSearchControl']", content: "Brijendra LN_001300"<br />]]>
    </line>
    <line>
      <![CDATA[Attempting to click..<br />]]>
    </line>
    <line>
      <![CDATA[Waited successfully for element with xpath: "//*[@id="liDataListContainer"]/ul/li[2]/a/label/input"<br />]]>
    </line>
    <line>
      <![CDATA[Clicked successfully on WebElement: "//*[@id="liDataListContainer"]/ul/li[2]/a/label/input"<br />]]>
    </line>
    <line>
      <![CDATA[Attempting to click..<br />]]>
    </line>
    <line>
      <![CDATA[Waited successfully for element with xpath: "//*[@id="_divStakHolderRole"]/span/div/button"<br />]]>
    </line>
    <line>
      <![CDATA[Clicked successfully on WebElement: "//*[@id="_divStakHolderRole"]/span/div/button"<br />]]>
    </line>
    <line>
      <![CDATA[Attempting to click..<br />]]>
    </line>
    <line>
      <![CDATA[Waited successfully for element with xpath: "//i[normalize-space()='add_circle']"<br />]]>
    </line>
    <line>
      <![CDATA[Clicked successfully on WebElement: "//i[normalize-space()='add_circle']"<br />]]>
    </line>
    <line>
      <![CDATA[waitUntilElementIsVisible: For element with xpath "//form[@id='frmSaveRequest']//div[@id='divSuccessMessageContainer']"<br />]]>
    </line>
    <line>
      <![CDATA[Test Verification Passed]]>
    </line>
    <line>
      <![CDATA[Attempting to type..<br />]]>
    </line>
    <line>
      <![CDATA[Waited successfully for element with xpath: "//input[@id='txtSearchControl']"<br />]]>
    </line>
    <line>
      <![CDATA[Typed successfully into WebElement: "//input[@id='txtSearchControl']", content: "Appalanaidu LN_002088"<br />]]>
    </line>
    <line>
      <![CDATA[Attempting to click..<br />]]>
    </line>
    <line>
      <![CDATA[Waited successfully for element with xpath: "//*[@id="liDataListContainer"]/ul/li[2]/a/label/input"<br />]]>
    </line>
    <line>
      <![CDATA[Clicked successfully on WebElement: "//*[@id="liDataListContainer"]/ul/li[2]/a/label/input"<br />]]>
    </line>
    <line>
      <![CDATA[Attempting to click..<br />]]>
    </line>
    <line>
      <![CDATA[Waited successfully for element with xpath: "//*[@id="_divStakHolderRole"]/span/div/button"<br />]]>
    </line>
    <line>
      <![CDATA[Clicked successfully on WebElement: "//*[@id="_divStakHolderRole"]/span/div/button"<br />]]>
    </line>
    <line>
      <![CDATA[Attempting to click..<br />]]>
    </line>
    <line>
      <![CDATA[Waited successfully for element with xpath: "//i[normalize-space()='add_circle']"<br />]]>
    </line>
    <line>
      <![CDATA[Clicked successfully on WebElement: "//i[normalize-space()='add_circle']"<br />]]>
    </line>
    <line>
      <![CDATA[waitUntilElementIsVisible: For element with xpath "//form[@id='frmSaveRequest']//div[@id='divSuccessMessageContainer']"<br />]]>
    </line>
    <line>
      <![CDATA[Test Verification Passed]]>
    </line>
    <line>
      <![CDATA[Attempting to type..<br />]]>
    </line>
    <line>
      <![CDATA[Waited successfully for element with xpath: "//input[@id='txtSearchControl']"<br />]]>
    </line>
    <line>
      <![CDATA[Typed successfully into WebElement: "//input[@id='txtSearchControl']", content: "Sheshnath LN_003406"<br />]]>
    </line>
    <line>
      <![CDATA[Attempting to click..<br />]]>
    </line>
    <line>
      <![CDATA[Waited successfully for element with xpath: "//*[@id="liDataListContainer"]/ul/li[2]/a/label/input"<br />]]>
    </line>
    <line>
      <![CDATA[Clicked successfully on WebElement: "//*[@id="liDataListContainer"]/ul/li[2]/a/label/input"<br />]]>
    </line>
    <line>
      <![CDATA[Attempting to click..<br />]]>
    </line>
    <line>
      <![CDATA[Waited successfully for element with xpath: "//*[@id="_divStakHolderRole"]/span/div/button"<br />]]>
    </line>
    <line>
      <![CDATA[Clicked successfully on WebElement: "//*[@id="_divStakHolderRole"]/span/div/button"<br />]]>
    </line>
    <line>
      <![CDATA[Attempting to click..<br />]]>
    </line>
    <line>
      <![CDATA[Waited successfully for element with xpath: "//i[normalize-space()='add_circle']"<br />]]>
    </line>
    <line>
      <![CDATA[Clicked successfully on WebElement: "//i[normalize-space()='add_circle']"<br />]]>
    </line>
    <line>
      <![CDATA[waitUntilElementIsVisible: For element with xpath "//form[@id='frmSaveRequest']//div[@id='divSuccessMessageContainer']"<br />]]>
    </line>
    <line>
      <![CDATA[Test Verification Passed]]>
    </line>
    <line>
      <![CDATA[Attempting to click..<br />]]>
    </line>
    <line>
      <![CDATA[Waited successfully for element with xpath: "//input[@id='_chkExternal']"<br />]]>
    </line>
    <line>
      <![CDATA[Clicked successfully on WebElement: "//input[@id='_chkExternal']"<br />]]>
    </line>
    <line>
      <![CDATA[Attempting to type..<br />]]>
    </line>
    <line>
      <![CDATA[Waited successfully for element with xpath: "//input[@id='txtEmailId']"<br />]]>
    </line>
    <line>
      <![CDATA[Typed successfully into WebElement: "//input[@id='txtEmailId']", content: "1902_Ankush_LN_006523@itcubedev.dev"<br />]]>
    </line>
    <line>
      <![CDATA[Attempting to type..<br />]]>
    </line>
    <line>
      <![CDATA[Waited successfully for element with xpath: "//input[@id='txtStakeholderName']"<br />]]>
    </line>
    <line>
      <![CDATA[Typed successfully into WebElement: "//input[@id='txtStakeholderName']", content: "Ankush LN_006523"<br />]]>
    </line>
    <line>
      <![CDATA[Attempting to click..<br />]]>
    </line>
    <line>
      <![CDATA[Waited successfully for element with xpath: "//*[@id="_divStakHolderRole"]/span/div/button"<br />]]>
    </line>
    <line>
      <![CDATA[Clicked successfully on WebElement: "//*[@id="_divStakHolderRole"]/span/div/button"<br />]]>
    </line>
    <line>
      <![CDATA[Attempting to click..<br />]]>
    </line>
    <line>
      <![CDATA[Waited successfully for element with xpath: "//i[normalize-space()='add_circle']"<br />]]>
    </line>
    <line>
      <![CDATA[Clicked successfully on WebElement: "//i[normalize-space()='add_circle']"<br />]]>
    </line>
    <line>
      <![CDATA[waitUntilElementIsVisible: For element with xpath "//form[@id='frmSaveRequest']//div[@id='divSuccessMessageContainer']"<br />]]>
    </line>
    <line>
      <![CDATA[Test Verification Passed]]>
    </line>
    <line>
      <![CDATA[Attempting to click..<br />]]>
    </line>
    <line>
      <![CDATA[Waited successfully for element with xpath: "//input[@id='_chkExternal']"<br />]]>
    </line>
    <line>
      <![CDATA[Some other element is hogging the limelight; so waiting a bit...<br />]]>
    </line>
    <line>
      <![CDATA[Clicked successfully on WebElement: "//input[@id='_chkExternal']"<br />]]>
    </line>
    <line>
      <![CDATA[Attempting to type..<br />]]>
    </line>
    <line>
      <![CDATA[Waited successfully for element with xpath: "//input[@id='txtEmailId']"<br />]]>
    </line>
    <line>
      <![CDATA[Typed successfully into WebElement: "//input[@id='txtEmailId']", content: "88855_Kannadhasan_LN_007176@itcubedev.dev"<br />]]>
    </line>
    <line>
      <![CDATA[Attempting to type..<br />]]>
    </line>
    <line>
      <![CDATA[Waited successfully for element with xpath: "//input[@id='txtStakeholderName']"<br />]]>
    </line>
    <line>
      <![CDATA[Typed successfully into WebElement: "//input[@id='txtStakeholderName']", content: "Kannadhasan LN_007176"<br />]]>
    </line>
    <line>
      <![CDATA[Attempting to click..<br />]]>
    </line>
    <line>
      <![CDATA[Waited successfully for element with xpath: "//*[@id="_divStakHolderRole"]/span/div/button"<br />]]>
    </line>
    <line>
      <![CDATA[Clicked successfully on WebElement: "//*[@id="_divStakHolderRole"]/span/div/button"<br />]]>
    </line>
    <line>
      <![CDATA[Attempting to click..<br />]]>
    </line>
    <line>
      <![CDATA[Waited successfully for element with xpath: "//i[normalize-space()='add_circle']"<br />]]>
    </line>
    <line>
      <![CDATA[Clicked successfully on WebElement: "//i[normalize-space()='add_circle']"<br />]]>
    </line>
    <line>
      <![CDATA[waitUntilElementIsVisible: For element with xpath "//form[@id='frmSaveRequest']//div[@id='divSuccessMessageContainer']"<br />]]>
    </line>
    <line>
      <![CDATA[Test Verification Passed]]>
    </line>
    <line>
      <![CDATA[Attempting to type..<br />]]>
    </line>
    <line>
      <![CDATA[Waited successfully for element with xpath: "//input[@id='txtSearchControl']"<br />]]>
    </line>
    <line>
      <![CDATA[Typed successfully into WebElement: "//input[@id='txtSearchControl']", content: "Bikramjit LN_012212"<br />]]>
    </line>
    <line>
      <![CDATA[Attempting to click..<br />]]>
    </line>
    <line>
      <![CDATA[Waited successfully for element with xpath: "//*[@id="liDataListContainer"]/ul/li[2]/a/label/input"<br />]]>
    </line>
    <line>
      <![CDATA[Clicked successfully on WebElement: "//*[@id="liDataListContainer"]/ul/li[2]/a/label/input"<br />]]>
    </line>
    <line>
      <![CDATA[Attempting to click..<br />]]>
    </line>
    <line>
      <![CDATA[Waited successfully for element with xpath: "//*[@id="_divStakHolderRole"]/span/div/button"<br />]]>
    </line>
    <line>
      <![CDATA[Clicked successfully on WebElement: "//*[@id="_divStakHolderRole"]/span/div/button"<br />]]>
    </line>
    <line>
      <![CDATA[Attempting to click..<br />]]>
    </line>
    <line>
      <![CDATA[Waited successfully for element with xpath: "//i[normalize-space()='add_circle']"<br />]]>
    </line>
    <line>
      <![CDATA[Clicked successfully on WebElement: "//i[normalize-space()='add_circle']"<br />]]>
    </line>
    <line>
      <![CDATA[waitUntilElementIsVisible: For element with xpath "//form[@id='frmSaveRequest']//div[@id='divSuccessMessageContainer']"<br />]]>
    </line>
    <line>
      <![CDATA[Test Verification Passed]]>
    </line>
    <line>
      <![CDATA[Attempting to type..<br />]]>
    </line>
    <line>
      <![CDATA[Waited successfully for element with xpath: "//input[@id='txtSearchControl']"<br />]]>
    </line>
    <line>
      <![CDATA[Typed successfully into WebElement: "//input[@id='txtSearchControl']", content: "Suman LN_012686"<br />]]>
    </line>
    <line>
      <![CDATA[Attempting to click..<br />]]>
    </line>
    <line>
      <![CDATA[Waited successfully for element with xpath: "//*[@id="liDataListContainer"]/ul/li[2]/a/label/input"<br />]]>
    </line>
    <line>
      <![CDATA[Clicked successfully on WebElement: "//*[@id="liDataListContainer"]/ul/li[2]/a/label/input"<br />]]>
    </line>
    <line>
      <![CDATA[Attempting to click..<br />]]>
    </line>
    <line>
      <![CDATA[Waited successfully for element with xpath: "//*[@id="_divStakHolderRole"]/span/div/button"<br />]]>
    </line>
    <line>
      <![CDATA[Clicked successfully on WebElement: "//*[@id="_divStakHolderRole"]/span/div/button"<br />]]>
    </line>
    <line>
      <![CDATA[Attempting to click..<br />]]>
    </line>
    <line>
      <![CDATA[Waited successfully for element with xpath: "//i[normalize-space()='add_circle']"<br />]]>
    </line>
    <line>
      <![CDATA[Clicked successfully on WebElement: "//i[normalize-space()='add_circle']"<br />]]>
    </line>
    <line>
      <![CDATA[waitUntilElementIsVisible: For element with xpath "//form[@id='frmSaveRequest']//div[@id='divSuccessMessageContainer']"<br />]]>
    </line>
    <line>
      <![CDATA[Test Verification Passed]]>
    </line>
    <line>
      <![CDATA[Attempting to click..<br />]]>
    </line>
    <line>
      <![CDATA[Waited successfully for element with xpath: "//input[@id='_chkExternal']"<br />]]>
    </line>
    <line>
      <![CDATA[Clicked successfully on WebElement: "//input[@id='_chkExternal']"<br />]]>
    </line>
    <line>
      <![CDATA[Attempting to type..<br />]]>
    </line>
    <line>
      <![CDATA[Waited successfully for element with xpath: "//input[@id='txtEmailId']"<br />]]>
    </line>
    <line>
      <![CDATA[Typed successfully into WebElement: "//input[@id='txtEmailId']", content: "16907_Prasanta_Kumar_LN_015167@itcubedev.dev"<br />]]>
    </line>
    <line>
      <![CDATA[Attempting to type..<br />]]>
    </line>
    <line>
      <![CDATA[Waited successfully for element with xpath: "//input[@id='txtStakeholderName']"<br />]]>
    </line>
    <line>
      <![CDATA[Typed successfully into WebElement: "//input[@id='txtStakeholderName']", content: "Prasanta  Kumar LN_015167"<br />]]>
    </line>
    <line>
      <![CDATA[Attempting to click..<br />]]>
    </line>
    <line>
      <![CDATA[Waited successfully for element with xpath: "//*[@id="_divStakHolderRole"]/span/div/button"<br />]]>
    </line>
    <line>
      <![CDATA[Clicked successfully on WebElement: "//*[@id="_divStakHolderRole"]/span/div/button"<br />]]>
    </line>
    <line>
      <![CDATA[Attempting to click..<br />]]>
    </line>
    <line>
      <![CDATA[Waited successfully for element with xpath: "//i[normalize-space()='add_circle']"<br />]]>
    </line>
    <line>
      <![CDATA[Clicked successfully on WebElement: "//i[normalize-space()='add_circle']"<br />]]>
    </line>
    <line>
      <![CDATA[waitUntilElementIsVisible: For element with xpath "//form[@id='frmSaveRequest']//div[@id='divSuccessMessageContainer']"<br />]]>
    </line>
    <line>
      <![CDATA[Test Verification Passed]]>
    </line>
    <line>
      <![CDATA[Attempting to click..<br />]]>
    </line>
    <line>
      <![CDATA[Waited successfully for element with xpath: "//input[@id='_chkExternal']"<br />]]>
    </line>
    <line>
      <![CDATA[Some other element is hogging the limelight; so waiting a bit...<br />]]>
    </line>
    <line>
      <![CDATA[Clicked successfully on WebElement: "//input[@id='_chkExternal']"<br />]]>
    </line>
    <line>
      <![CDATA[Attempting to type..<br />]]>
    </line>
    <line>
      <![CDATA[Waited successfully for element with xpath: "//input[@id='txtEmailId']"<br />]]>
    </line>
    <line>
      <![CDATA[Typed successfully into WebElement: "//input[@id='txtEmailId']", content: "2400_Sandip_LN_015529@itcubedev.dev"<br />]]>
    </line>
    <line>
      <![CDATA[Attempting to type..<br />]]>
    </line>
    <line>
      <![CDATA[Waited successfully for element with xpath: "//input[@id='txtStakeholderName']"<br />]]>
    </line>
    <line>
      <![CDATA[Typed successfully into WebElement: "//input[@id='txtStakeholderName']", content: "Sandip LN_015529"<br />]]>
    </line>
    <line>
      <![CDATA[Attempting to click..<br />]]>
    </line>
    <line>
      <![CDATA[Waited successfully for element with xpath: "//*[@id="_divStakHolderRole"]/span/div/button"<br />]]>
    </line>
    <line>
      <![CDATA[Clicked successfully on WebElement: "//*[@id="_divStakHolderRole"]/span/div/button"<br />]]>
    </line>
    <line>
      <![CDATA[Attempting to click..<br />]]>
    </line>
    <line>
      <![CDATA[Waited successfully for element with xpath: "//i[normalize-space()='add_circle']"<br />]]>
    </line>
    <line>
      <![CDATA[Clicked successfully on WebElement: "//i[normalize-space()='add_circle']"<br />]]>
    </line>
    <line>
      <![CDATA[waitUntilElementIsVisible: For element with xpath "//form[@id='frmSaveRequest']//div[@id='divSuccessMessageContainer']"<br />]]>
    </line>
    <line>
      <![CDATA[Test Verification Passed]]>
    </line>
    <line>
      <![CDATA[Attempting to click..<br />]]>
    </line>
    <line>
      <![CDATA[Waited successfully for element with xpath: "//input[@id='_chkExternal']"<br />]]>
    </line>
    <line>
      <![CDATA[Clicked successfully on WebElement: "//input[@id='_chkExternal']"<br />]]>
    </line>
    <line>
      <![CDATA[Attempting to type..<br />]]>
    </line>
    <line>
      <![CDATA[Waited successfully for element with xpath: "//input[@id='txtEmailId']"<br />]]>
    </line>
    <line>
      <![CDATA[Typed successfully into WebElement: "//input[@id='txtEmailId']", content: "5649_Atul_LN_015675@itcubedev.dev"<br />]]>
    </line>
    <line>
      <![CDATA[Attempting to type..<br />]]>
    </line>
    <line>
      <![CDATA[Waited successfully for element with xpath: "//input[@id='txtStakeholderName']"<br />]]>
    </line>
    <line>
      <![CDATA[Typed successfully into WebElement: "//input[@id='txtStakeholderName']", content: "Atul LN_015675"<br />]]>
    </line>
    <line>
      <![CDATA[Attempting to click..<br />]]>
    </line>
    <line>
      <![CDATA[Waited successfully for element with xpath: "//*[@id="_divStakHolderRole"]/span/div/button"<br />]]>
    </line>
    <line>
      <![CDATA[Clicked successfully on WebElement: "//*[@id="_divStakHolderRole"]/span/div/button"<br />]]>
    </line>
    <line>
      <![CDATA[Attempting to click..<br />]]>
    </line>
    <line>
      <![CDATA[Waited successfully for element with xpath: "//i[normalize-space()='add_circle']"<br />]]>
    </line>
    <line>
      <![CDATA[Clicked successfully on WebElement: "//i[normalize-space()='add_circle']"<br />]]>
    </line>
    <line>
      <![CDATA[waitUntilElementIsVisible: For element with xpath "//form[@id='frmSaveRequest']//div[@id='divSuccessMessageContainer']"<br />]]>
    </line>
    <line>
      <![CDATA[Test Verification Passed]]>
    </line>
    <line>
      <![CDATA[Attempting to click..<br />]]>
    </line>
    <line>
      <![CDATA[Waited successfully for element with xpath: "//input[@id='_chkExternal']"<br />]]>
    </line>
    <line>
      <![CDATA[Clicked successfully on WebElement: "//input[@id='_chkExternal']"<br />]]>
    </line>
    <line>
      <![CDATA[Attempting to type..<br />]]>
    </line>
    <line>
      <![CDATA[Waited successfully for element with xpath: "//input[@id='txtEmailId']"<br />]]>
    </line>
    <line>
      <![CDATA[Typed successfully into WebElement: "//input[@id='txtEmailId']", content: "6540_Selva_LN_016239@itcubedev.dev"<br />]]>
    </line>
    <line>
      <![CDATA[Attempting to type..<br />]]>
    </line>
    <line>
      <![CDATA[Waited successfully for element with xpath: "//input[@id='txtStakeholderName']"<br />]]>
    </line>
    <line>
      <![CDATA[Typed successfully into WebElement: "//input[@id='txtStakeholderName']", content: "Selva LN_016239"<br />]]>
    </line>
    <line>
      <![CDATA[Attempting to click..<br />]]>
    </line>
    <line>
      <![CDATA[Waited successfully for element with xpath: "//*[@id="_divStakHolderRole"]/span/div/button"<br />]]>
    </line>
    <line>
      <![CDATA[Clicked successfully on WebElement: "//*[@id="_divStakHolderRole"]/span/div/button"<br />]]>
    </line>
    <line>
      <![CDATA[Attempting to click..<br />]]>
    </line>
    <line>
      <![CDATA[Waited successfully for element with xpath: "//i[normalize-space()='add_circle']"<br />]]>
    </line>
    <line>
      <![CDATA[Clicked successfully on WebElement: "//i[normalize-space()='add_circle']"<br />]]>
    </line>
    <line>
      <![CDATA[waitUntilElementIsVisible: For element with xpath "//form[@id='frmSaveRequest']//div[@id='divSuccessMessageContainer']"<br />]]>
    </line>
    <line>
      <![CDATA[Test Verification Passed]]>
    </line>
    <line>
      <![CDATA[Attempting to click..<br />]]>
    </line>
    <line>
      <![CDATA[Waited successfully for element with xpath: "//input[@id='_chkExternal']"<br />]]>
    </line>
    <line>
      <![CDATA[Some other element is hogging the limelight; so waiting a bit...<br />]]>
    </line>
    <line>
      <![CDATA[Clicked successfully on WebElement: "//input[@id='_chkExternal']"<br />]]>
    </line>
    <line>
      <![CDATA[Attempting to type..<br />]]>
    </line>
    <line>
      <![CDATA[Waited successfully for element with xpath: "//input[@id='txtEmailId']"<br />]]>
    </line>
    <line>
      <![CDATA[Typed successfully into WebElement: "//input[@id='txtEmailId']", content: "37277_Anil_Kumar_LN_016590@itcubedev.dev"<br />]]>
    </line>
    <line>
      <![CDATA[Attempting to type..<br />]]>
    </line>
    <line>
      <![CDATA[Waited successfully for element with xpath: "//input[@id='txtStakeholderName']"<br />]]>
    </line>
    <line>
      <![CDATA[Typed successfully into WebElement: "//input[@id='txtStakeholderName']", content: "Anil Kumar LN_016590"<br />]]>
    </line>
    <line>
      <![CDATA[Attempting to click..<br />]]>
    </line>
    <line>
      <![CDATA[Waited successfully for element with xpath: "//*[@id="_divStakHolderRole"]/span/div/button"<br />]]>
    </line>
    <line>
      <![CDATA[Clicked successfully on WebElement: "//*[@id="_divStakHolderRole"]/span/div/button"<br />]]>
    </line>
    <line>
      <![CDATA[Attempting to click..<br />]]>
    </line>
    <line>
      <![CDATA[Waited successfully for element with xpath: "//i[normalize-space()='add_circle']"<br />]]>
    </line>
    <line>
      <![CDATA[Clicked successfully on WebElement: "//i[normalize-space()='add_circle']"<br />]]>
    </line>
    <line>
      <![CDATA[waitUntilElementIsVisible: For element with xpath "//form[@id='frmSaveRequest']//div[@id='divSuccessMessageContainer']"<br />]]>
    </line>
    <line>
      <![CDATA[Test Verification Passed]]>
    </line>
    <line>
      <![CDATA[Attempting to type..<br />]]>
    </line>
    <line>
      <![CDATA[Waited successfully for element with xpath: "//input[@id='txtSearchControl']"<br />]]>
    </line>
    <line>
      <![CDATA[Typed successfully into WebElement: "//input[@id='txtSearchControl']", content: "Roshan LN_021890"<br />]]>
    </line>
    <line>
      <![CDATA[Attempting to click..<br />]]>
    </line>
    <line>
      <![CDATA[Waited successfully for element with xpath: "//*[@id="liDataListContainer"]/ul/li[2]/a/label/input"<br />]]>
    </line>
    <line>
      <![CDATA[Clicked successfully on WebElement: "//*[@id="liDataListContainer"]/ul/li[2]/a/label/input"<br />]]>
    </line>
    <line>
      <![CDATA[Attempting to click..<br />]]>
    </line>
    <line>
      <![CDATA[Waited successfully for element with xpath: "//*[@id="_divStakHolderRole"]/span/div/button"<br />]]>
    </line>
    <line>
      <![CDATA[Clicked successfully on WebElement: "//*[@id="_divStakHolderRole"]/span/div/button"<br />]]>
    </line>
    <line>
      <![CDATA[Attempting to click..<br />]]>
    </line>
    <line>
      <![CDATA[Waited successfully for element with xpath: "//i[normalize-space()='add_circle']"<br />]]>
    </line>
    <line>
      <![CDATA[Clicked successfully on WebElement: "//i[normalize-space()='add_circle']"<br />]]>
    </line>
    <line>
      <![CDATA[waitUntilElementIsVisible: For element with xpath "//form[@id='frmSaveRequest']//div[@id='divSuccessMessageContainer']"<br />]]>
    </line>
    <line>
      <![CDATA[Test Verification Passed]]>
    </line>
    <line>
      <![CDATA[Attempting to type..<br />]]>
    </line>
    <line>
      <![CDATA[Waited successfully for element with xpath: "//input[@id='txtSearchControl']"<br />]]>
    </line>
    <line>
      <![CDATA[Typed successfully into WebElement: "//input[@id='txtSearchControl']", content: "Pradeep Kumar LN_023993"<br />]]>
    </line>
    <line>
      <![CDATA[Attempting to click..<br />]]>
    </line>
    <line>
      <![CDATA[Waited successfully for element with xpath: "//*[@id="liDataListContainer"]/ul/li[2]/a/label/input"<br />]]>
    </line>
    <line>
      <![CDATA[Clicked successfully on WebElement: "//*[@id="liDataListContainer"]/ul/li[2]/a/label/input"<br />]]>
    </line>
    <line>
      <![CDATA[Attempting to click..<br />]]>
    </line>
    <line>
      <![CDATA[Waited successfully for element with xpath: "//*[@id="_divStakHolderRole"]/span/div/button"<br />]]>
    </line>
    <line>
      <![CDATA[Clicked successfully on WebElement: "//*[@id="_divStakHolderRole"]/span/div/button"<br />]]>
    </line>
    <line>
      <![CDATA[Attempting to click..<br />]]>
    </line>
    <line>
      <![CDATA[Waited successfully for element with xpath: "//i[normalize-space()='add_circle']"<br />]]>
    </line>
    <line>
      <![CDATA[Clicked successfully on WebElement: "//i[normalize-space()='add_circle']"<br />]]>
    </line>
    <line>
      <![CDATA[waitUntilElementIsVisible: For element with xpath "//form[@id='frmSaveRequest']//div[@id='divSuccessMessageContainer']"<br />]]>
    </line>
    <line>
      <![CDATA[Test Verification Passed]]>
    </line>
    <line>
      <![CDATA[Attempting to click..<br />]]>
    </line>
    <line>
      <![CDATA[Waited successfully for element with xpath: "//input[@id='_chkExternal']"<br />]]>
    </line>
    <line>
      <![CDATA[Clicked successfully on WebElement: "//input[@id='_chkExternal']"<br />]]>
    </line>
    <line>
      <![CDATA[Attempting to type..<br />]]>
    </line>
    <line>
      <![CDATA[Waited successfully for element with xpath: "//input[@id='txtEmailId']"<br />]]>
    </line>
    <line>
      <![CDATA[Typed successfully into WebElement: "//input[@id='txtEmailId']", content: "88559_Qureshi_LN_026901@itcubedev.dev"<br />]]>
    </line>
    <line>
      <![CDATA[Attempting to type..<br />]]>
    </line>
    <line>
      <![CDATA[Waited successfully for element with xpath: "//input[@id='txtStakeholderName']"<br />]]>
    </line>
    <line>
      <![CDATA[Typed successfully into WebElement: "//input[@id='txtStakeholderName']", content: "Qureshi LN_026901"<br />]]>
    </line>
    <line>
      <![CDATA[Attempting to click..<br />]]>
    </line>
    <line>
      <![CDATA[Waited successfully for element with xpath: "//*[@id="_divStakHolderRole"]/span/div/button"<br />]]>
    </line>
    <line>
      <![CDATA[Clicked successfully on WebElement: "//*[@id="_divStakHolderRole"]/span/div/button"<br />]]>
    </line>
    <line>
      <![CDATA[Attempting to click..<br />]]>
    </line>
    <line>
      <![CDATA[Waited successfully for element with xpath: "//i[normalize-space()='add_circle']"<br />]]>
    </line>
    <line>
      <![CDATA[Clicked successfully on WebElement: "//i[normalize-space()='add_circle']"<br />]]>
    </line>
    <line>
      <![CDATA[waitUntilElementIsVisible: For element with xpath "//form[@id='frmSaveRequest']//div[@id='divSuccessMessageContainer']"<br />]]>
    </line>
    <line>
      <![CDATA[Test Verification Passed]]>
    </line>
    <line>
      <![CDATA[Attempting to click..<br />]]>
    </line>
    <line>
      <![CDATA[Waited successfully for element with xpath: "//input[@id='_chkExternal']"<br />]]>
    </line>
    <line>
      <![CDATA[Some other element is hogging the limelight; so waiting a bit...<br />]]>
    </line>
    <line>
      <![CDATA[Clicked successfully on WebElement: "//input[@id='_chkExternal']"<br />]]>
    </line>
    <line>
      <![CDATA[Attempting to type..<br />]]>
    </line>
    <line>
      <![CDATA[Waited successfully for element with xpath: "//input[@id='txtEmailId']"<br />]]>
    </line>
    <line>
      <![CDATA[Typed successfully into WebElement: "//input[@id='txtEmailId']", content: "88565_Selva_LN_027589@itcubedev.dev"<br />]]>
    </line>
    <line>
      <![CDATA[Attempting to type..<br />]]>
    </line>
    <line>
      <![CDATA[Waited successfully for element with xpath: "//input[@id='txtStakeholderName']"<br />]]>
    </line>
    <line>
      <![CDATA[Typed successfully into WebElement: "//input[@id='txtStakeholderName']", content: "Selva LN_027589"<br />]]>
    </line>
    <line>
      <![CDATA[Attempting to click..<br />]]>
    </line>
    <line>
      <![CDATA[Waited successfully for element with xpath: "//*[@id="_divStakHolderRole"]/span/div/button"<br />]]>
    </line>
    <line>
      <![CDATA[Clicked successfully on WebElement: "//*[@id="_divStakHolderRole"]/span/div/button"<br />]]>
    </line>
    <line>
      <![CDATA[Attempting to click..<br />]]>
    </line>
    <line>
      <![CDATA[Waited successfully for element with xpath: "//i[normalize-space()='add_circle']"<br />]]>
    </line>
    <line>
      <![CDATA[Clicked successfully on WebElement: "//i[normalize-space()='add_circle']"<br />]]>
    </line>
    <line>
      <![CDATA[waitUntilElementIsVisible: For element with xpath "//form[@id='frmSaveRequest']//div[@id='divSuccessMessageContainer']"<br />]]>
    </line>
    <line>
      <![CDATA[Test Verification Passed]]>
    </line>
    <line>
      <![CDATA[Attempting to type..<br />]]>
    </line>
    <line>
      <![CDATA[Waited successfully for element with xpath: "//input[@id='txtSearchControl']"<br />]]>
    </line>
    <line>
      <![CDATA[Typed successfully into WebElement: "//input[@id='txtSearchControl']", content: "Haribandhu LN_027744"<br />]]>
    </line>
    <line>
      <![CDATA[Attempting to click..<br />]]>
    </line>
    <line>
      <![CDATA[Waited successfully for element with xpath: "//*[@id="liDataListContainer"]/ul/li[2]/a/label/input"<br />]]>
    </line>
    <line>
      <![CDATA[Clicked successfully on WebElement: "//*[@id="liDataListContainer"]/ul/li[2]/a/label/input"<br />]]>
    </line>
    <line>
      <![CDATA[Attempting to click..<br />]]>
    </line>
    <line>
      <![CDATA[Waited successfully for element with xpath: "//*[@id="_divStakHolderRole"]/span/div/button"<br />]]>
    </line>
    <line>
      <![CDATA[Clicked successfully on WebElement: "//*[@id="_divStakHolderRole"]/span/div/button"<br />]]>
    </line>
    <line>
      <![CDATA[Attempting to click..<br />]]>
    </line>
    <line>
      <![CDATA[Waited successfully for element with xpath: "//i[normalize-space()='add_circle']"<br />]]>
    </line>
    <line>
      <![CDATA[Clicked successfully on WebElement: "//i[normalize-space()='add_circle']"<br />]]>
    </line>
    <line>
      <![CDATA[waitUntilElementIsVisible: For element with xpath "//form[@id='frmSaveRequest']//div[@id='divSuccessMessageContainer']"<br />]]>
    </line>
    <line>
      <![CDATA[Test Verification Passed]]>
    </line>
    <line>
      <![CDATA[Attempting to click..<br />]]>
    </line>
    <line>
      <![CDATA[Waited successfully for element with xpath: "//input[@id='_chkExternal']"<br />]]>
    </line>
    <line>
      <![CDATA[Clicked successfully on WebElement: "//input[@id='_chkExternal']"<br />]]>
    </line>
    <line>
      <![CDATA[Attempting to type..<br />]]>
    </line>
    <line>
      <![CDATA[Waited successfully for element with xpath: "//input[@id='txtEmailId']"<br />]]>
    </line>
    <line>
      <![CDATA[Typed successfully into WebElement: "//input[@id='txtEmailId']", content: "6819_Jitendra_LN_028700@itcubedev.dev"<br />]]>
    </line>
    <line>
      <![CDATA[Attempting to type..<br />]]>
    </line>
    <line>
      <![CDATA[Waited successfully for element with xpath: "//input[@id='txtStakeholderName']"<br />]]>
    </line>
    <line>
      <![CDATA[Typed successfully into WebElement: "//input[@id='txtStakeholderName']", content: "Jitendra LN_028700"<br />]]>
    </line>
    <line>
      <![CDATA[Attempting to click..<br />]]>
    </line>
    <line>
      <![CDATA[Waited successfully for element with xpath: "//*[@id="_divStakHolderRole"]/span/div/button"<br />]]>
    </line>
    <line>
      <![CDATA[Clicked successfully on WebElement: "//*[@id="_divStakHolderRole"]/span/div/button"<br />]]>
    </line>
    <line>
      <![CDATA[Attempting to click..<br />]]>
    </line>
    <line>
      <![CDATA[Waited successfully for element with xpath: "//i[normalize-space()='add_circle']"<br />]]>
    </line>
    <line>
      <![CDATA[Clicked successfully on WebElement: "//i[normalize-space()='add_circle']"<br />]]>
    </line>
    <line>
      <![CDATA[waitUntilElementIsVisible: For element with xpath "//form[@id='frmSaveRequest']//div[@id='divSuccessMessageContainer']"<br />]]>
    </line>
    <line>
      <![CDATA[Test Verification Passed]]>
    </line>
    <line>
      <![CDATA[Attempting to type..<br />]]>
    </line>
    <line>
      <![CDATA[Waited successfully for element with xpath: "//input[@id='txtSearchControl']"<br />]]>
    </line>
    <line>
      <![CDATA[Typed successfully into WebElement: "//input[@id='txtSearchControl']", content: "Jitendra LN_028700"<br />]]>
    </line>
    <line>
      <![CDATA[Attempting to click..<br />]]>
    </line>
    <line>
      <![CDATA[Waited successfully for element with xpath: "//*[@id="liDataListContainer"]/ul/li[2]/a/label/input"<br />]]>
    </line>
    <line>
      <![CDATA[Clicked successfully on WebElement: "//*[@id="liDataListContainer"]/ul/li[2]/a/label/input"<br />]]>
    </line>
    <line>
      <![CDATA[Attempting to click..<br />]]>
    </line>
    <line>
      <![CDATA[Waited successfully for element with xpath: "//*[@id="_divStakHolderRole"]/span/div/button"<br />]]>
    </line>
    <line>
      <![CDATA[Clicked successfully on WebElement: "//*[@id="_divStakHolderRole"]/span/div/button"<br />]]>
    </line>
    <line>
      <![CDATA[Attempting to click..<br />]]>
    </line>
    <line>
      <![CDATA[Waited successfully for element with xpath: "//i[normalize-space()='add_circle']"<br />]]>
    </line>
    <line>
      <![CDATA[Clicked successfully on WebElement: "//i[normalize-space()='add_circle']"<br />]]>
    </line>
    <line>
      <![CDATA[waitUntilElementIsVisible: For element with xpath "//form[@id='frmSaveRequest']//div[@id='divSuccessMessageContainer']"<br />]]>
    </line>
    <line>
      <![CDATA[Test Verification Passed]]>
    </line>
    <line>
      <![CDATA[Attempting to type..<br />]]>
    </line>
    <line>
      <![CDATA[Waited successfully for element with xpath: "//input[@id='txtSearchControl']"<br />]]>
    </line>
    <line>
      <![CDATA[Typed successfully into WebElement: "//input[@id='txtSearchControl']", content: "Shrikrishna LN_029474"<br />]]>
    </line>
    <line>
      <![CDATA[Attempting to click..<br />]]>
    </line>
    <line>
      <![CDATA[Waited successfully for element with xpath: "//*[@id="liDataListContainer"]/ul/li[2]/a/label/input"<br />]]>
    </line>
    <line>
      <![CDATA[Clicked successfully on WebElement: "//*[@id="liDataListContainer"]/ul/li[2]/a/label/input"<br />]]>
    </line>
    <line>
      <![CDATA[Attempting to click..<br />]]>
    </line>
    <line>
      <![CDATA[Waited successfully for element with xpath: "//*[@id="_divStakHolderRole"]/span/div/button"<br />]]>
    </line>
    <line>
      <![CDATA[Clicked successfully on WebElement: "//*[@id="_divStakHolderRole"]/span/div/button"<br />]]>
    </line>
    <line>
      <![CDATA[Attempting to click..<br />]]>
    </line>
    <line>
      <![CDATA[Waited successfully for element with xpath: "//i[normalize-space()='add_circle']"<br />]]>
    </line>
    <line>
      <![CDATA[Clicked successfully on WebElement: "//i[normalize-space()='add_circle']"<br />]]>
    </line>
    <line>
      <![CDATA[waitUntilElementIsVisible: For element with xpath "//form[@id='frmSaveRequest']//div[@id='divSuccessMessageContainer']"<br />]]>
    </line>
    <line>
      <![CDATA[Test Verification Passed]]>
    </line>
    <line>
      <![CDATA[Attempting to type..<br />]]>
    </line>
    <line>
      <![CDATA[Waited successfully for element with xpath: "//textarea[@id='txtAgendaTopic'] "<br />]]>
    </line>
    <line>
      <![CDATA[Typed successfully into WebElement: "//textarea[@id='txtAgendaTopic'] ", content: "Adding Topic For Automation Testing"<br />]]>
    </line>
    <line>
      <![CDATA[Attempting to click via JS..<br />]]>
    </line>
    <line>
      <![CDATA[Waited successfully for element with outerHTML: <button type="button" class="btn btn-primary same_line_rt_btn float-end" title="Save" onclick="ACTIONREQUEST.CreateActionRequest.createAgendas()"><span class="material-symbols-outlined">save</span><span class="btn_title_span">Save</span> </button><br />]]>
    </line>
    <line>
      <![CDATA[Clicked successfully on WebElement via JS: <button type="button" class="btn btn-primary same_line_rt_btn float-end" title="Save" onclick="ACTIONREQUEST.CreateActionRequest.createAgendas()"><span class="material-symbols-outlined">save</span><span class="btn_title_span">Save</span> </button><br />]]>
    </line>
    <line>
      <![CDATA[Test Verification Passed]]>
    </line>
    <line>
      <![CDATA[Attempting to click via JS..<br />]]>
    </line>
    <line>
      <![CDATA[Waited successfully for element with outerHTML: <span class="material-symbols-outlined">arrow_back</span><br />]]>
    </line>
    <line>
      <![CDATA[Clicked successfully on WebElement via JS: <span class="material-symbols-outlined">arrow_back</span><br />]]>
    </line>
  </reporter-output>
  <suite started-at="2024-01-30T15:52:52 IST" name="Suite" finished-at="2024-01-30T15:58:48 IST" duration-ms="355796">
    <groups>
    </groups>
    <test started-at="2024-01-30T15:52:52 IST" name="Test" finished-at="2024-01-30T15:58:48 IST" duration-ms="355796">
      <class name="Tests.ActionTests">
        <test-method is-config="true" signature="testsetup()[pri:0, instance:Tests.ActionTests@71809907]" started-at="2024-01-30T15:52:59 IST" name="testsetup" finished-at="2024-01-30T15:52:59 IST" duration-ms="3" status="PASS">
          <reporter-output>
          </reporter-output>
        </test-method> <!-- testsetup -->
        <test-method signature="loginAsAdmin(java.lang.String)[pri:0, instance:Tests.ActionTests@71809907]" started-at="2024-01-30T15:52:59 IST" name="loginAsAdmin" finished-at="2024-01-30T15:58:48 IST" duration-ms="348129" status="PASS">
          <params>
            <param index="0">
              <value>
                <![CDATA[http://192.168.10.172:2021/Account/Login]]>
              </value>
            </param>
          </params>
          <reporter-output>
            <line>
              <![CDATA[Attempting to click..<br />]]>
            </line>
            <line>
              <![CDATA[Waited successfully for element with xpath: "//input[@id='EmailId']"<br />]]>
            </line>
            <line>
              <![CDATA[Clicked successfully on WebElement: "//input[@id='EmailId']"<br />]]>
            </line>
            <line>
              <![CDATA[Attempting to type..<br />]]>
            </line>
            <line>
              <![CDATA[Waited successfully for element with xpath: "//input[@id='EmailId']"<br />]]>
            </line>
            <line>
              <![CDATA[Typed successfully into WebElement: "//input[@id='EmailId']", content: "6298_SPACE_LN_098452@itcubedev.dev"<br />]]>
            </line>
            <line>
              <![CDATA[Attempting to click..<br />]]>
            </line>
            <line>
              <![CDATA[Waited successfully for element with xpath: "//input[@id='Password']"<br />]]>
            </line>
            <line>
              <![CDATA[Clicked successfully on WebElement: "//input[@id='Password']"<br />]]>
            </line>
            <line>
              <![CDATA[Attempting to type..<br />]]>
            </line>
            <line>
              <![CDATA[Waited successfully for element with xpath: "//input[@id='Password']"<br />]]>
            </line>
            <line>
              <![CDATA[Typed successfully into WebElement: "//input[@id='Password']", content: "ITCube@098452"<br />]]>
            </line>
            <line>
              <![CDATA[Attempting to click..<br />]]>
            </line>
            <line>
              <![CDATA[Waited successfully for element with xpath: "//button[normalize-space()='Login']"<br />]]>
            </line>
            <line>
              <![CDATA[Clicked successfully on WebElement: "//button[normalize-space()='Login']"<br />]]>
            </line>
            <line>
              <![CDATA[Attempting to click via JS..<br />]]>
            </line>
            <line>
              <![CDATA[Waited successfully for element with outerHTML: <span class="Moduled_name">Action</span><br />]]>
            </line>
            <line>
              <![CDATA[Clicked successfully on WebElement via JS: <span class="Moduled_name">Action</span><br />]]>
            </line>
            <line>
              <![CDATA[Test Verification Passed]]>
            </line>
            <line>
              <![CDATA[Attempting to click..<br />]]>
            </line>
            <line>
              <![CDATA[Waited successfully for element with xpath: "(//span[normalize-space()='Add Meeting'])[1]"<br />]]>
            </line>
            <line>
              <![CDATA[Clicked successfully on WebElement: "(//span[normalize-space()='Add Meeting'])[1]"<br />]]>
            </line>
            <line>
              <![CDATA[Attempting to click via JS..<br />]]>
            </line>
            <line>
              <![CDATA[Waited successfully for element with outerHTML: <span class="multiselect-selected-text">Select</span><br />]]>
            </line>
            <line>
              <![CDATA[Clicked successfully on WebElement via JS: <span class="multiselect-selected-text">Select</span><br />]]>
            </line>
            <line>
              <![CDATA[Attempting to click..<br />]]>
            </line>
            <line>
              <![CDATA[Waited successfully for element with xpath: "//label[normalize-space()='Meeting']"<br />]]>
            </line>
            <line>
              <![CDATA[Clicked successfully on WebElement: "//label[normalize-space()='Meeting']"<br />]]>
            </line>
            <line>
              <![CDATA[Attempting to click via JS..<br />]]>
            </line>
            <line>
              <![CDATA[Waited successfully for element with outerHTML: <span class="multiselect-selected-text">Select</span><br />]]>
            </line>
            <line>
              <![CDATA[Clicked successfully on WebElement via JS: <span class="multiselect-selected-text">Select</span><br />]]>
            </line>
            <line>
              <![CDATA[Attempting to click..<br />]]>
            </line>
            <line>
              <![CDATA[Waited successfully for element with xpath: "//label[normalize-space()='Client Meeting']"<br />]]>
            </line>
            <line>
              <![CDATA[Clicked successfully on WebElement: "//label[normalize-space()='Client Meeting']"<br />]]>
            </line>
            <line>
              <![CDATA[Attempting to click via JS..<br />]]>
            </line>
            <line>
              <![CDATA[Waited successfully for element with outerHTML: <span class="multiselect-selected-text">Select</span><br />]]>
            </line>
            <line>
              <![CDATA[Clicked successfully on WebElement via JS: <span class="multiselect-selected-text">Select</span><br />]]>
            </line>
            <line>
              <![CDATA[Attempting to click..<br />]]>
            </line>
            <line>
              <![CDATA[Waited successfully for element with xpath: "//label[normalize-space()='Internal']"<br />]]>
            </line>
            <line>
              <![CDATA[Clicked successfully on WebElement: "//label[normalize-space()='Internal']"<br />]]>
            </line>
            <line>
              <![CDATA[Attempting to type..<br />]]>
            </line>
            <line>
              <![CDATA[Waited successfully for element with xpath: "//input[@id='_txtTopic']"<br />]]>
            </line>
            <line>
              <![CDATA[Typed successfully into WebElement: "//input[@id='_txtTopic']", content: " Sandeep Automation Testing Dont Edit"<br />]]>
            </line>
            <line>
              <![CDATA[Attempting to type..<br />]]>
            </line>
            <line>
              <![CDATA[Waited successfully for element with xpath: "//textarea[@id='_txtDescription']"<br />]]>
            </line>
            <line>
              <![CDATA[Typed successfully into WebElement: "//textarea[@id='_txtDescription']", content: "Automation Regression Suite"<br />]]>
            </line>
            <line>
              <![CDATA[Attempting to type..<br />]]>
            </line>
            <line>
              <![CDATA[Waited successfully for element with xpath: "//input[@id='txtRequestLocation']  "<br />]]>
            </line>
            <line>
              <![CDATA[Typed successfully into WebElement: "//input[@id='txtRequestLocation']  ", content: "Automation online Call"<br />]]>
            </line>
            <line>
              <![CDATA[Attempting to type..<br />]]>
            </line>
            <line>
              <![CDATA[Waited successfully for element with xpath: "//input[@id='_txtStartDate']"<br />]]>
            </line>
            <line>
              <![CDATA[Typed successfully into WebElement: "//input[@id='_txtStartDate']", content: "30/11/2024"<br />]]>
            </line>
            <line>
              <![CDATA[Attempting to type..<br />]]>
            </line>
            <line>
              <![CDATA[Waited successfully for element with xpath: "//input[@id='StartTime']"<br />]]>
            </line>
            <line>
              <![CDATA[Typed successfully into WebElement: "//input[@id='StartTime']", content: "10:00"<br />]]>
            </line>
            <line>
              <![CDATA[Attempting to type..<br />]]>
            </line>
            <line>
              <![CDATA[Waited successfully for element with xpath: "//input[@id='_txtEndDate']"<br />]]>
            </line>
            <line>
              <![CDATA[Typed successfully into WebElement: "//input[@id='_txtEndDate']", content: "30/11/2024;"<br />]]>
            </line>
            <line>
              <![CDATA[Attempting to type..<br />]]>
            </line>
            <line>
              <![CDATA[Waited successfully for element with xpath: "//input[@id='EndTime'] "<br />]]>
            </line>
            <line>
              <![CDATA[Typed successfully into WebElement: "//input[@id='EndTime'] ", content: "10:30"<br />]]>
            </line>
            <line>
              <![CDATA[Attempting to click via JS..<br />]]>
            </line>
            <line>
              <![CDATA[Waited successfully for element with outerHTML: <span class="multiselect-selected-text">Select</span><br />]]>
            </line>
            <line>
              <![CDATA[Clicked successfully on WebElement via JS: <span class="multiselect-selected-text">Select</span><br />]]>
            </line>
            <line>
              <![CDATA[Attempting to type..<br />]]>
            </line>
            <line>
              <![CDATA[Waited successfully for element with xpath: "//*[@id="actionRequestContainer"]/div[9]/div/span/div/ul/li[1]/div/input"<br />]]>
            </line>
            <line>
              <![CDATA[Typed successfully into WebElement: "//*[@id="actionRequestContainer"]/div[9]/div/span/div/ul/li[1]/div/input", content: "Water"<br />]]>
            </line>
            <line>
              <![CDATA[Attempting to type..<br />]]>
            </line>
            <line>
              <![CDATA[Waited successfully for element with xpath: "//*[@id="actionRequestContainer"]/div[9]/div/span/div/ul/li[1]/div/input"<br />]]>
            </line>
            <line>
              <![CDATA[Typed successfully into WebElement: "//*[@id="actionRequestContainer"]/div[9]/div/span/div/ul/li[1]/div/input", content: "Contracting"<br />]]>
            </line>
            <line>
              <![CDATA[Attempting to type..<br />]]>
            </line>
            <line>
              <![CDATA[Waited successfully for element with xpath: "//*[@id="actionRequestContainer"]/div[9]/div/span/div/ul/li[1]/div/input"<br />]]>
            </line>
            <line>
              <![CDATA[Typed successfully into WebElement: "//*[@id="actionRequestContainer"]/div[9]/div/span/div/ul/li[1]/div/input", content: "bricks"<br />]]>
            </line>
            <line>
              <![CDATA[Attempting to click via JS..<br />]]>
            </line>
            <line>
              <![CDATA[Waited successfully for element with outerHTML: <span class="multiselect-selected-text">Select</span><br />]]>
            </line>
            <line>
              <![CDATA[Clicked successfully on WebElement via JS: <span class="multiselect-selected-text">Select</span><br />]]>
            </line>
            <line>
              <![CDATA[Attempting to click..<br />]]>
            </line>
            <line>
              <![CDATA[Waited successfully for element with xpath: "//label[normalize-space()='Bengaluru']"<br />]]>
            </line>
            <line>
              <![CDATA[Clicked successfully on WebElement: "//label[normalize-space()='Bengaluru']"<br />]]>
            </line>
            <line>
              <![CDATA[Attempting to click via JS..<br />]]>
            </line>
            <line>
              <![CDATA[Waited successfully for element with outerHTML: <span class="multiselect-selected-text">Select</span><br />]]>
            </line>
            <line>
              <![CDATA[Clicked successfully on WebElement via JS: <span class="multiselect-selected-text">Select</span><br />]]>
            </line>
            <line>
              <![CDATA[Attempting to click..<br />]]>
            </line>
            <line>
              <![CDATA[Waited successfully for element with xpath: "//label[normalize-space()='081-Admin project']"<br />]]>
            </line>
            <line>
              <![CDATA[Clicked successfully on WebElement: "//label[normalize-space()='081-Admin project']"<br />]]>
            </line>
            <line>
              <![CDATA[Attempting to click via JS..<br />]]>
            </line>
            <line>
              <![CDATA[Waited successfully for element with outerHTML: <span class="multiselect-selected-text">Select</span><br />]]>
            </line>
            <line>
              <![CDATA[Clicked successfully on WebElement via JS: <span class="multiselect-selected-text">Select</span><br />]]>
            </line>
            <line>
              <![CDATA[Attempting to click..<br />]]>
            </line>
            <line>
              <![CDATA[Waited successfully for element with xpath: "//label[normalize-space()='Accounts']"<br />]]>
            </line>
            <line>
              <![CDATA[Clicked successfully on WebElement: "//label[normalize-space()='Accounts']"<br />]]>
            </line>
            <line>
              <![CDATA[Attempting to click via JS..<br />]]>
            </line>
            <line>
              <![CDATA[Waited successfully for element with outerHTML: <span class="multiselect-selected-text">Accounts</span><br />]]>
            </line>
            <line>
              <![CDATA[Clicked successfully on WebElement via JS: <span class="multiselect-selected-text">Accounts</span><br />]]>
            </line>
            <line>
              <![CDATA[Attempting to click..<br />]]>
            </line>
            <line>
              <![CDATA[Waited successfully for element with xpath: "//span[normalize-space()='Create Meeting']"<br />]]>
            </line>
            <line>
              <![CDATA[Clicked successfully on WebElement: "//span[normalize-space()='Create Meeting']"<br />]]>
            </line>
            <line>
              <![CDATA[waitUntilElementIsVisible: For element with xpath "//form[@id='frmSaveRequest']//div[@id='divSuccessMessageContainer']"<br />]]>
            </line>
            <line>
              <![CDATA[Test Verification Passed]]>
            </line>
            <line>
              <![CDATA[Attempting to type..<br />]]>
            </line>
            <line>
              <![CDATA[Waited successfully for element with xpath: "//input[@id='txtSearchControl']"<br />]]>
            </line>
            <line>
              <![CDATA[Typed successfully into WebElement: "//input[@id='txtSearchControl']", content: "Brijendra LN_001300"<br />]]>
            </line>
            <line>
              <![CDATA[Attempting to click..<br />]]>
            </line>
            <line>
              <![CDATA[Waited successfully for element with xpath: "//*[@id="liDataListContainer"]/ul/li[2]/a/label/input"<br />]]>
            </line>
            <line>
              <![CDATA[Clicked successfully on WebElement: "//*[@id="liDataListContainer"]/ul/li[2]/a/label/input"<br />]]>
            </line>
            <line>
              <![CDATA[Attempting to click..<br />]]>
            </line>
            <line>
              <![CDATA[Waited successfully for element with xpath: "//*[@id="_divStakHolderRole"]/span/div/button"<br />]]>
            </line>
            <line>
              <![CDATA[Clicked successfully on WebElement: "//*[@id="_divStakHolderRole"]/span/div/button"<br />]]>
            </line>
            <line>
              <![CDATA[Attempting to click..<br />]]>
            </line>
            <line>
              <![CDATA[Waited successfully for element with xpath: "//i[normalize-space()='add_circle']"<br />]]>
            </line>
            <line>
              <![CDATA[Clicked successfully on WebElement: "//i[normalize-space()='add_circle']"<br />]]>
            </line>
            <line>
              <![CDATA[waitUntilElementIsVisible: For element with xpath "//form[@id='frmSaveRequest']//div[@id='divSuccessMessageContainer']"<br />]]>
            </line>
            <line>
              <![CDATA[Test Verification Passed]]>
            </line>
            <line>
              <![CDATA[Attempting to type..<br />]]>
            </line>
            <line>
              <![CDATA[Waited successfully for element with xpath: "//input[@id='txtSearchControl']"<br />]]>
            </line>
            <line>
              <![CDATA[Typed successfully into WebElement: "//input[@id='txtSearchControl']", content: "Appalanaidu LN_002088"<br />]]>
            </line>
            <line>
              <![CDATA[Attempting to click..<br />]]>
            </line>
            <line>
              <![CDATA[Waited successfully for element with xpath: "//*[@id="liDataListContainer"]/ul/li[2]/a/label/input"<br />]]>
            </line>
            <line>
              <![CDATA[Clicked successfully on WebElement: "//*[@id="liDataListContainer"]/ul/li[2]/a/label/input"<br />]]>
            </line>
            <line>
              <![CDATA[Attempting to click..<br />]]>
            </line>
            <line>
              <![CDATA[Waited successfully for element with xpath: "//*[@id="_divStakHolderRole"]/span/div/button"<br />]]>
            </line>
            <line>
              <![CDATA[Clicked successfully on WebElement: "//*[@id="_divStakHolderRole"]/span/div/button"<br />]]>
            </line>
            <line>
              <![CDATA[Attempting to click..<br />]]>
            </line>
            <line>
              <![CDATA[Waited successfully for element with xpath: "//i[normalize-space()='add_circle']"<br />]]>
            </line>
            <line>
              <![CDATA[Clicked successfully on WebElement: "//i[normalize-space()='add_circle']"<br />]]>
            </line>
            <line>
              <![CDATA[waitUntilElementIsVisible: For element with xpath "//form[@id='frmSaveRequest']//div[@id='divSuccessMessageContainer']"<br />]]>
            </line>
            <line>
              <![CDATA[Test Verification Passed]]>
            </line>
            <line>
              <![CDATA[Attempting to type..<br />]]>
            </line>
            <line>
              <![CDATA[Waited successfully for element with xpath: "//input[@id='txtSearchControl']"<br />]]>
            </line>
            <line>
              <![CDATA[Typed successfully into WebElement: "//input[@id='txtSearchControl']", content: "Sheshnath LN_003406"<br />]]>
            </line>
            <line>
              <![CDATA[Attempting to click..<br />]]>
            </line>
            <line>
              <![CDATA[Waited successfully for element with xpath: "//*[@id="liDataListContainer"]/ul/li[2]/a/label/input"<br />]]>
            </line>
            <line>
              <![CDATA[Clicked successfully on WebElement: "//*[@id="liDataListContainer"]/ul/li[2]/a/label/input"<br />]]>
            </line>
            <line>
              <![CDATA[Attempting to click..<br />]]>
            </line>
            <line>
              <![CDATA[Waited successfully for element with xpath: "//*[@id="_divStakHolderRole"]/span/div/button"<br />]]>
            </line>
            <line>
              <![CDATA[Clicked successfully on WebElement: "//*[@id="_divStakHolderRole"]/span/div/button"<br />]]>
            </line>
            <line>
              <![CDATA[Attempting to click..<br />]]>
            </line>
            <line>
              <![CDATA[Waited successfully for element with xpath: "//i[normalize-space()='add_circle']"<br />]]>
            </line>
            <line>
              <![CDATA[Clicked successfully on WebElement: "//i[normalize-space()='add_circle']"<br />]]>
            </line>
            <line>
              <![CDATA[waitUntilElementIsVisible: For element with xpath "//form[@id='frmSaveRequest']//div[@id='divSuccessMessageContainer']"<br />]]>
            </line>
            <line>
              <![CDATA[Test Verification Passed]]>
            </line>
            <line>
              <![CDATA[Attempting to click..<br />]]>
            </line>
            <line>
              <![CDATA[Waited successfully for element with xpath: "//input[@id='_chkExternal']"<br />]]>
            </line>
            <line>
              <![CDATA[Clicked successfully on WebElement: "//input[@id='_chkExternal']"<br />]]>
            </line>
            <line>
              <![CDATA[Attempting to type..<br />]]>
            </line>
            <line>
              <![CDATA[Waited successfully for element with xpath: "//input[@id='txtEmailId']"<br />]]>
            </line>
            <line>
              <![CDATA[Typed successfully into WebElement: "//input[@id='txtEmailId']", content: "1902_Ankush_LN_006523@itcubedev.dev"<br />]]>
            </line>
            <line>
              <![CDATA[Attempting to type..<br />]]>
            </line>
            <line>
              <![CDATA[Waited successfully for element with xpath: "//input[@id='txtStakeholderName']"<br />]]>
            </line>
            <line>
              <![CDATA[Typed successfully into WebElement: "//input[@id='txtStakeholderName']", content: "Ankush LN_006523"<br />]]>
            </line>
            <line>
              <![CDATA[Attempting to click..<br />]]>
            </line>
            <line>
              <![CDATA[Waited successfully for element with xpath: "//*[@id="_divStakHolderRole"]/span/div/button"<br />]]>
            </line>
            <line>
              <![CDATA[Clicked successfully on WebElement: "//*[@id="_divStakHolderRole"]/span/div/button"<br />]]>
            </line>
            <line>
              <![CDATA[Attempting to click..<br />]]>
            </line>
            <line>
              <![CDATA[Waited successfully for element with xpath: "//i[normalize-space()='add_circle']"<br />]]>
            </line>
            <line>
              <![CDATA[Clicked successfully on WebElement: "//i[normalize-space()='add_circle']"<br />]]>
            </line>
            <line>
              <![CDATA[waitUntilElementIsVisible: For element with xpath "//form[@id='frmSaveRequest']//div[@id='divSuccessMessageContainer']"<br />]]>
            </line>
            <line>
              <![CDATA[Test Verification Passed]]>
            </line>
            <line>
              <![CDATA[Attempting to click..<br />]]>
            </line>
            <line>
              <![CDATA[Waited successfully for element with xpath: "//input[@id='_chkExternal']"<br />]]>
            </line>
            <line>
              <![CDATA[Some other element is hogging the limelight; so waiting a bit...<br />]]>
            </line>
            <line>
              <![CDATA[Clicked successfully on WebElement: "//input[@id='_chkExternal']"<br />]]>
            </line>
            <line>
              <![CDATA[Attempting to type..<br />]]>
            </line>
            <line>
              <![CDATA[Waited successfully for element with xpath: "//input[@id='txtEmailId']"<br />]]>
            </line>
            <line>
              <![CDATA[Typed successfully into WebElement: "//input[@id='txtEmailId']", content: "88855_Kannadhasan_LN_007176@itcubedev.dev"<br />]]>
            </line>
            <line>
              <![CDATA[Attempting to type..<br />]]>
            </line>
            <line>
              <![CDATA[Waited successfully for element with xpath: "//input[@id='txtStakeholderName']"<br />]]>
            </line>
            <line>
              <![CDATA[Typed successfully into WebElement: "//input[@id='txtStakeholderName']", content: "Kannadhasan LN_007176"<br />]]>
            </line>
            <line>
              <![CDATA[Attempting to click..<br />]]>
            </line>
            <line>
              <![CDATA[Waited successfully for element with xpath: "//*[@id="_divStakHolderRole"]/span/div/button"<br />]]>
            </line>
            <line>
              <![CDATA[Clicked successfully on WebElement: "//*[@id="_divStakHolderRole"]/span/div/button"<br />]]>
            </line>
            <line>
              <![CDATA[Attempting to click..<br />]]>
            </line>
            <line>
              <![CDATA[Waited successfully for element with xpath: "//i[normalize-space()='add_circle']"<br />]]>
            </line>
            <line>
              <![CDATA[Clicked successfully on WebElement: "//i[normalize-space()='add_circle']"<br />]]>
            </line>
            <line>
              <![CDATA[waitUntilElementIsVisible: For element with xpath "//form[@id='frmSaveRequest']//div[@id='divSuccessMessageContainer']"<br />]]>
            </line>
            <line>
              <![CDATA[Test Verification Passed]]>
            </line>
            <line>
              <![CDATA[Attempting to type..<br />]]>
            </line>
            <line>
              <![CDATA[Waited successfully for element with xpath: "//input[@id='txtSearchControl']"<br />]]>
            </line>
            <line>
              <![CDATA[Typed successfully into WebElement: "//input[@id='txtSearchControl']", content: "Bikramjit LN_012212"<br />]]>
            </line>
            <line>
              <![CDATA[Attempting to click..<br />]]>
            </line>
            <line>
              <![CDATA[Waited successfully for element with xpath: "//*[@id="liDataListContainer"]/ul/li[2]/a/label/input"<br />]]>
            </line>
            <line>
              <![CDATA[Clicked successfully on WebElement: "//*[@id="liDataListContainer"]/ul/li[2]/a/label/input"<br />]]>
            </line>
            <line>
              <![CDATA[Attempting to click..<br />]]>
            </line>
            <line>
              <![CDATA[Waited successfully for element with xpath: "//*[@id="_divStakHolderRole"]/span/div/button"<br />]]>
            </line>
            <line>
              <![CDATA[Clicked successfully on WebElement: "//*[@id="_divStakHolderRole"]/span/div/button"<br />]]>
            </line>
            <line>
              <![CDATA[Attempting to click..<br />]]>
            </line>
            <line>
              <![CDATA[Waited successfully for element with xpath: "//i[normalize-space()='add_circle']"<br />]]>
            </line>
            <line>
              <![CDATA[Clicked successfully on WebElement: "//i[normalize-space()='add_circle']"<br />]]>
            </line>
            <line>
              <![CDATA[waitUntilElementIsVisible: For element with xpath "//form[@id='frmSaveRequest']//div[@id='divSuccessMessageContainer']"<br />]]>
            </line>
            <line>
              <![CDATA[Test Verification Passed]]>
            </line>
            <line>
              <![CDATA[Attempting to type..<br />]]>
            </line>
            <line>
              <![CDATA[Waited successfully for element with xpath: "//input[@id='txtSearchControl']"<br />]]>
            </line>
            <line>
              <![CDATA[Typed successfully into WebElement: "//input[@id='txtSearchControl']", content: "Suman LN_012686"<br />]]>
            </line>
            <line>
              <![CDATA[Attempting to click..<br />]]>
            </line>
            <line>
              <![CDATA[Waited successfully for element with xpath: "//*[@id="liDataListContainer"]/ul/li[2]/a/label/input"<br />]]>
            </line>
            <line>
              <![CDATA[Clicked successfully on WebElement: "//*[@id="liDataListContainer"]/ul/li[2]/a/label/input"<br />]]>
            </line>
            <line>
              <![CDATA[Attempting to click..<br />]]>
            </line>
            <line>
              <![CDATA[Waited successfully for element with xpath: "//*[@id="_divStakHolderRole"]/span/div/button"<br />]]>
            </line>
            <line>
              <![CDATA[Clicked successfully on WebElement: "//*[@id="_divStakHolderRole"]/span/div/button"<br />]]>
            </line>
            <line>
              <![CDATA[Attempting to click..<br />]]>
            </line>
            <line>
              <![CDATA[Waited successfully for element with xpath: "//i[normalize-space()='add_circle']"<br />]]>
            </line>
            <line>
              <![CDATA[Clicked successfully on WebElement: "//i[normalize-space()='add_circle']"<br />]]>
            </line>
            <line>
              <![CDATA[waitUntilElementIsVisible: For element with xpath "//form[@id='frmSaveRequest']//div[@id='divSuccessMessageContainer']"<br />]]>
            </line>
            <line>
              <![CDATA[Test Verification Passed]]>
            </line>
            <line>
              <![CDATA[Attempting to click..<br />]]>
            </line>
            <line>
              <![CDATA[Waited successfully for element with xpath: "//input[@id='_chkExternal']"<br />]]>
            </line>
            <line>
              <![CDATA[Clicked successfully on WebElement: "//input[@id='_chkExternal']"<br />]]>
            </line>
            <line>
              <![CDATA[Attempting to type..<br />]]>
            </line>
            <line>
              <![CDATA[Waited successfully for element with xpath: "//input[@id='txtEmailId']"<br />]]>
            </line>
            <line>
              <![CDATA[Typed successfully into WebElement: "//input[@id='txtEmailId']", content: "16907_Prasanta_Kumar_LN_015167@itcubedev.dev"<br />]]>
            </line>
            <line>
              <![CDATA[Attempting to type..<br />]]>
            </line>
            <line>
              <![CDATA[Waited successfully for element with xpath: "//input[@id='txtStakeholderName']"<br />]]>
            </line>
            <line>
              <![CDATA[Typed successfully into WebElement: "//input[@id='txtStakeholderName']", content: "Prasanta  Kumar LN_015167"<br />]]>
            </line>
            <line>
              <![CDATA[Attempting to click..<br />]]>
            </line>
            <line>
              <![CDATA[Waited successfully for element with xpath: "//*[@id="_divStakHolderRole"]/span/div/button"<br />]]>
            </line>
            <line>
              <![CDATA[Clicked successfully on WebElement: "//*[@id="_divStakHolderRole"]/span/div/button"<br />]]>
            </line>
            <line>
              <![CDATA[Attempting to click..<br />]]>
            </line>
            <line>
              <![CDATA[Waited successfully for element with xpath: "//i[normalize-space()='add_circle']"<br />]]>
            </line>
            <line>
              <![CDATA[Clicked successfully on WebElement: "//i[normalize-space()='add_circle']"<br />]]>
            </line>
            <line>
              <![CDATA[waitUntilElementIsVisible: For element with xpath "//form[@id='frmSaveRequest']//div[@id='divSuccessMessageContainer']"<br />]]>
            </line>
            <line>
              <![CDATA[Test Verification Passed]]>
            </line>
            <line>
              <![CDATA[Attempting to click..<br />]]>
            </line>
            <line>
[...]
            </line>
            <line>
              <![CDATA[Waited successfully for element with xpath: "//i[normalize-space()='add_circle']"<br />]]>
            </line>
            <line>
              <![CDATA[Clicked successfully on WebElement: "//i[normalize-space()='add_circle']"<br />]]>
            </line>
            <line>
              <![CDATA[waitUntilElementIsVisible: For element with xpath "//form[@id='frmSaveRequest']//div[@id='divSuccessMessageContainer']"<br />]]>
            </line>
            <line>
              <![CDATA[Test Verification Passed]]>
            </line>
            <line>
              <![CDATA[Attempting to type..<br />]]>
            </line>
            <line>
              <![CDATA[Waited successfully for element with xpath: "//input[@id='txtSearchControl']"<br />]]>
            </line>
            <line>
              <![CDATA[Typed successfully into WebElement: "//input[@id='txtSearchControl']", content: "Roshan LN_021890"<br />]]>
            </line>
            <line>
              <![CDATA[Attempting to click..<br />]]>
            </line>
            <line>
              <![CDATA[Waited successfully for element with xpath: "//*[@id="liDataListContainer"]/ul/li[2]/a/label/input"<br />]]>
            </line>
            <line>
              <![CDATA[Clicked successfully on WebElement: "//*[@id="liDataListContainer"]/ul/li[2]/a/label/input"<br />]]>
            </line>
            <line>
              <![CDATA[Attempting to click..<br />]]>
            </line>
            <line>
              <![CDATA[Waited successfully for element with xpath: "//*[@id="_divStakHolderRole"]/span/div/button"<br />]]>
            </line>
            <line>
              <![CDATA[Clicked successfully on WebElement: "//*[@id="_divStakHolderRole"]/span/div/button"<br />]]>
            </line>
            <line>
              <![CDATA[Attempting to click..<br />]]>
            </line>
            <line>
              <![CDATA[Waited successfully for element with xpath: "//i[normalize-space()='add_circle']"<br />]]>
            </line>
            <line>
              <![CDATA[Clicked successfully on WebElement: "//i[normalize-space()='add_circle']"<br />]]>
            </line>
            <line>
              <![CDATA[waitUntilElementIsVisible: For element with xpath "//form[@id='frmSaveRequest']//div[@id='divSuccessMessageContainer']"<br />]]>
            </line>
            <line>
              <![CDATA[Test Verification Passed]]>
            </line>
            <line>
              <![CDATA[Attempting to type..<br />]]>
            </line>
            <line>
              <![CDATA[Waited successfully for element with xpath: "//input[@id='txtSearchControl']"<br />]]>
            </line>
            <line>
              <![CDATA[Typed successfully into WebElement: "//input[@id='txtSearchControl']", content: "Pradeep Kumar LN_023993"<br />]]>
            </line>
            <line>
              <![CDATA[Attempting to click..<br />]]>
            </line>
            <line>
              <![CDATA[Waited successfully for element with xpath: "//*[@id="liDataListContainer"]/ul/li[2]/a/label/input"<br />]]>
            </line>
            <line>
              <![CDATA[Clicked successfully on WebElement: "//*[@id="liDataListContainer"]/ul/li[2]/a/label/input"<br />]]>
            </line>
            <line>
              <![CDATA[Attempting to click..<br />]]>
            </line>
            <line>
              <![CDATA[Waited successfully for element with xpath: "//*[@id="_divStakHolderRole"]/span/div/button"<br />]]>
            </line>
            <line>
              <![CDATA[Clicked successfully on WebElement: "//*[@id="_divStakHolderRole"]/span/div/button"<br />]]>
            </line>
            <line>
              <![CDATA[Attempting to click..<br />]]>
            </line>
            <line>
              <![CDATA[Waited successfully for element with xpath: "//i[normalize-space()='add_circle']"<br />]]>
            </line>
            <line>
              <![CDATA[Clicked successfully on WebElement: "//i[normalize-space()='add_circle']"<br />]]>
            </line>
            <line>
              <![CDATA[waitUntilElementIsVisible: For element with xpath "//form[@id='frmSaveRequest']//div[@id='divSuccessMessageContainer']"<br />]]>
            </line>
            <line>
              <![CDATA[Test Verification Passed]]>
            </line>
            <line>
              <![CDATA[Attempting to click..<br />]]>
            </line>
            <line>
              <![CDATA[Waited successfully for element with xpath: "//input[@id='_chkExternal']"<br />]]>
            </line>
            <line>
              <![CDATA[Clicked successfully on WebElement: "//input[@id='_chkExternal']"<br />]]>
            </line>
            <line>
              <![CDATA[Attempting to type..<br />]]>
            </line>
            <line>
              <![CDATA[Waited successfully for element with xpath: "//input[@id='txtEmailId']"<br />]]>
            </line>
            <line>
              <![CDATA[Typed successfully into WebElement: "//input[@id='txtEmailId']", content: "88559_Qureshi_LN_026901@itcubedev.dev"<br />]]>
            </line>
            <line>
              <![CDATA[Attempting to type..<br />]]>
            </line>
            <line>
              <![CDATA[Waited successfully for element with xpath: "//input[@id='txtStakeholderName']"<br />]]>
            </line>
            <line>
              <![CDATA[Typed successfully into WebElement: "//input[@id='txtStakeholderName']", content: "Qureshi LN_026901"<br />]]>
            </line>
            <line>
              <![CDATA[Attempting to click..<br />]]>
            </line>
            <line>
              <![CDATA[Waited successfully for element with xpath: "//*[@id="_divStakHolderRole"]/span/div/button"<br />]]>
            </line>
            <line>
              <![CDATA[Clicked successfully on WebElement: "//*[@id="_divStakHolderRole"]/span/div/button"<br />]]>
            </line>
            <line>
              <![CDATA[Attempting to click..<br />]]>
            </line>
            <line>
              <![CDATA[Waited successfully for element with xpath: "//i[normalize-space()='add_circle']"<br />]]>
            </line>
            <line>
              <![CDATA[Clicked successfully on WebElement: "//i[normalize-space()='add_circle']"<br />]]>
            </line>
            <line>
              <![CDATA[waitUntilElementIsVisible: For element with xpath "//form[@id='frmSaveRequest']//div[@id='divSuccessMessageContainer']"<br />]]>
            </line>
            <line>
              <![CDATA[Test Verification Passed]]>
            </line>
            <line>
              <![CDATA[Attempting to click..<br />]]>
            </line>
            <line>
              <![CDATA[Waited successfully for element with xpath: "//input[@id='_chkExternal']"<br />]]>
            </line>
            <line>
              <![CDATA[Some other element is hogging the limelight; so waiting a bit...<br />]]>
            </line>
            <line>
              <![CDATA[Clicked successfully on WebElement: "//input[@id='_chkExternal']"<br />]]>
            </line>
            <line>
              <![CDATA[Attempting to type..<br />]]>
            </line>
            <line>
              <![CDATA[Waited successfully for element with xpath: "//input[@id='txtEmailId']"<br />]]>
            </line>
            <line>
              <![CDATA[Typed successfully into WebElement: "//input[@id='txtEmailId']", content: "88565_Selva_LN_027589@itcubedev.dev"<br />]]>
            </line>
            <line>
              <![CDATA[Attempting to type..<br />]]>
            </line>
            <line>
              <![CDATA[Waited successfully for element with xpath: "//input[@id='txtStakeholderName']"<br />]]>
            </line>
            <line>
              <![CDATA[Typed successfully into WebElement: "//input[@id='txtStakeholderName']", content: "Selva LN_027589"<br />]]>
            </line>
            <line>
              <![CDATA[Attempting to click..<br />]]>
            </line>
            <line>
              <![CDATA[Waited successfully for element with xpath: "//*[@id="_divStakHolderRole"]/span/div/button"<br />]]>
            </line>
            <line>
              <![CDATA[Clicked successfully on WebElement: "//*[@id="_divStakHolderRole"]/span/div/button"<br />]]>
            </line>
            <line>
              <![CDATA[Attempting to click..<br />]]>
            </line>
            <line>
              <![CDATA[Waited successfully for element with xpath: "//i[normalize-space()='add_circle']"<br />]]>
            </line>
            <line>
              <![CDATA[Clicked successfully on WebElement: "//i[normalize-space()='add_circle']"<br />]]>
            </line>
            <line>
              <![CDATA[waitUntilElementIsVisible: For element with xpath "//form[@id='frmSaveRequest']//div[@id='divSuccessMessageContainer']"<br />]]>
            </line>
            <line>
              <![CDATA[Test Verification Passed]]>
            </line>
            <line>
              <![CDATA[Attempting to type..<br />]]>
            </line>
            <line>
              <![CDATA[Waited successfully for element with xpath: "//input[@id='txtSearchControl']"<br />]]>
            </line>
            <line>
              <![CDATA[Typed successfully into WebElement: "//input[@id='txtSearchControl']", content: "Haribandhu LN_027744"<br />]]>
            </line>
            <line>
              <![CDATA[Attempting to click..<br />]]>
            </line>
            <line>
              <![CDATA[Waited successfully for element with xpath: "//*[@id="liDataListContainer"]/ul/li[2]/a/label/input"<br />]]>
            </line>
            <line>
              <![CDATA[Clicked successfully on WebElement: "//*[@id="liDataListContainer"]/ul/li[2]/a/label/input"<br />]]>
            </line>
            <line>
              <![CDATA[Attempting to click..<br />]]>
            </line>
            <line>
              <![CDATA[Waited successfully for element with xpath: "//*[@id="_divStakHolderRole"]/span/div/button"<br />]]>
            </line>
            <line>
              <![CDATA[Clicked successfully on WebElement: "//*[@id="_divStakHolderRole"]/span/div/button"<br />]]>
            </line>
            <line>
              <![CDATA[Attempting to click..<br />]]>
            </line>
            <line>
              <![CDATA[Waited successfully for element with xpath: "//i[normalize-space()='add_circle']"<br />]]>
            </line>
            <line>
              <![CDATA[Clicked successfully on WebElement: "//i[normalize-space()='add_circle']"<br />]]>
            </line>
            <line>
              <![CDATA[waitUntilElementIsVisible: For element with xpath "//form[@id='frmSaveRequest']//div[@id='divSuccessMessageContainer']"<br />]]>
            </line>
            <line>
              <![CDATA[Test Verification Passed]]>
            </line>
            <line>
              <![CDATA[Attempting to click..<br />]]>
            </line>
            <line>
              <![CDATA[Waited successfully for element with xpath: "//input[@id='_chkExternal']"<br />]]>
            </line>
            <line>
              <![CDATA[Clicked successfully on WebElement: "//input[@id='_chkExternal']"<br />]]>
            </line>
            <line>
              <![CDATA[Attempting to type..<br />]]>
            </line>
            <line>
              <![CDATA[Waited successfully for element with xpath: "//input[@id='txtEmailId']"<br />]]>
            </line>
            <line>
              <![CDATA[Typed successfully into WebElement: "//input[@id='txtEmailId']", content: "6819_Jitendra_LN_028700@itcubedev.dev"<br />]]>
            </line>
            <line>
              <![CDATA[Attempting to type..<br />]]>
            </line>
            <line>
              <![CDATA[Waited successfully for element with xpath: "//input[@id='txtStakeholderName']"<br />]]>
            </line>
            <line>
              <![CDATA[Typed successfully into WebElement: "//input[@id='txtStakeholderName']", content: "Jitendra LN_028700"<br />]]>
            </line>
            <line>
              <![CDATA[Attempting to click..<br />]]>
            </line>
            <line>
              <![CDATA[Waited successfully for element with xpath: "//*[@id="_divStakHolderRole"]/span/div/button"<br />]]>
            </line>
            <line>
              <![CDATA[Clicked successfully on WebElement: "//*[@id="_divStakHolderRole"]/span/div/button"<br />]]>
            </line>
            <line>
              <![CDATA[Attempting to click..<br />]]>
            </line>
            <line>
              <![CDATA[Waited successfully for element with xpath: "//i[normalize-space()='add_circle']"<br />]]>
            </line>
            <line>
              <![CDATA[Clicked successfully on WebElement: "//i[normalize-space()='add_circle']"<br />]]>
            </line>
            <line>
              <![CDATA[waitUntilElementIsVisible: For element with xpath "//form[@id='frmSaveRequest']//div[@id='divSuccessMessageContainer']"<br />]]>
            </line>
            <line>
              <![CDATA[Test Verification Passed]]>
            </line>
            <line>
              <![CDATA[Attempting to type..<br />]]>
            </line>
            <line>
              <![CDATA[Waited successfully for element with xpath: "//input[@id='txtSearchControl']"<br />]]>
            </line>
            <line>
              <![CDATA[Typed successfully into WebElement: "//input[@id='txtSearchControl']", content: "Jitendra LN_028700"<br />]]>
            </line>
            <line>
              <![CDATA[Attempting to click..<br />]]>
            </line>
            <line>
              <![CDATA[Waited successfully for element with xpath: "//*[@id="liDataListContainer"]/ul/li[2]/a/label/input"<br />]]>
            </line>
            <line>
              <![CDATA[Clicked successfully on WebElement: "//*[@id="liDataListContainer"]/ul/li[2]/a/label/input"<br />]]>
            </line>
            <line>
              <![CDATA[Attempting to click..<br />]]>
            </line>
            <line>
              <![CDATA[Waited successfully for element with xpath: "//*[@id="_divStakHolderRole"]/span/div/button"<br />]]>
            </line>
            <line>
              <![CDATA[Clicked successfully on WebElement: "//*[@id="_divStakHolderRole"]/span/div/button"<br />]]>
            </line>
            <line>
              <![CDATA[Attempting to click..<br />]]>
            </line>
            <line>
              <![CDATA[Waited successfully for element with xpath: "//i[normalize-space()='add_circle']"<br />]]>
            </line>
            <line>
              <![CDATA[Clicked successfully on WebElement: "//i[normalize-space()='add_circle']"<br />]]>
            </line>
            <line>
              <![CDATA[waitUntilElementIsVisible: For element with xpath "//form[@id='frmSaveRequest']//div[@id='divSuccessMessageContainer']"<br />]]>
            </line>
            <line>
              <![CDATA[Test Verification Passed]]>
            </line>
            <line>
              <![CDATA[Attempting to type..<br />]]>
            </line>
            <line>
              <![CDATA[Waited successfully for element with xpath: "//input[@id='txtSearchControl']"<br />]]>
            </line>
            <line>
              <![CDATA[Typed successfully into WebElement: "//input[@id='txtSearchControl']", content: "Shrikrishna LN_029474"<br />]]>
            </line>
            <line>
              <![CDATA[Attempting to click..<br />]]>
            </line>
            <line>
              <![CDATA[Waited successfully for element with xpath: "//*[@id="liDataListContainer"]/ul/li[2]/a/label/input"<br />]]>
            </line>
            <line>
              <![CDATA[Clicked successfully on WebElement: "//*[@id="liDataListContainer"]/ul/li[2]/a/label/input"<br />]]>
            </line>
            <line>
              <![CDATA[Attempting to click..<br />]]>
            </line>
            <line>
              <![CDATA[Waited successfully for element with xpath: "//*[@id="_divStakHolderRole"]/span/div/button"<br />]]>
            </line>
            <line>
              <![CDATA[Clicked successfully on WebElement: "//*[@id="_divStakHolderRole"]/span/div/button"<br />]]>
            </line>
            <line>
              <![CDATA[Attempting to click..<br />]]>
            </line>
            <line>
              <![CDATA[Waited successfully for element with xpath: "//i[normalize-space()='add_circle']"<br />]]>
            </line>
            <line>
              <![CDATA[Clicked successfully on WebElement: "//i[normalize-space()='add_circle']"<br />]]>
            </line>
            <line>
              <![CDATA[waitUntilElementIsVisible: For element with xpath "//form[@id='frmSaveRequest']//div[@id='divSuccessMessageContainer']"<br />]]>
            </line>
            <line>
              <![CDATA[Test Verification Passed]]>
            </line>
            <line>
              <![CDATA[Attempting to type..<br />]]>
            </line>
            <line>
              <![CDATA[Waited successfully for element with xpath: "//textarea[@id='txtAgendaTopic'] "<br />]]>
            </line>
            <line>
              <![CDATA[Typed successfully into WebElement: "//textarea[@id='txtAgendaTopic'] ", content: "Adding Topic For Automation Testing"<br />]]>
            </line>
            <line>
              <![CDATA[Attempting to click via JS..<br />]]>
            </line>
            <line>
              <![CDATA[Waited successfully for element with outerHTML: <button type="button" class="btn btn-primary same_line_rt_btn float-end" title="Save" onclick="ACTIONREQUEST.CreateActionRequest.createAgendas()"><span class="material-symbols-outlined">save</span><span class="btn_title_span">Save</span> </button><br />]]>
            </line>
            <line>
              <![CDATA[Clicked successfully on WebElement via JS: <button type="button" class="btn btn-primary same_line_rt_btn float-end" title="Save" onclick="ACTIONREQUEST.CreateActionRequest.createAgendas()"><span class="material-symbols-outlined">save</span><span class="btn_title_span">Save</span> </button><br />]]>
            </line>
            <line>
              <![CDATA[Test Verification Passed]]>
            </line>
            <line>
              <![CDATA[Attempting to click via JS..<br />]]>
            </line>
            <line>
              <![CDATA[Waited successfully for element with outerHTML: <span class="material-symbols-outlined">arrow_back</span><br />]]>
            </line>
            <line>
              <![CDATA[Clicked successfully on WebElement via JS: <span class="material-symbols-outlined">arrow_back</span><br />]]>
            </line>
          </reporter-output>
        </test-method> <!-- loginAsAdmin -->
      </class> <!-- Tests.ActionTests -->
      <class name="Tests.Cleanup">
        <test-method signature="CleanupTest()[pri:0, instance:Tests.Cleanup@3ce1e309]" started-at="2024-01-30T15:58:48 IST" name="CleanupTest" finished-at="2024-01-30T15:58:48 IST" duration-ms="1" status="PASS">
          <reporter-output>
          </reporter-output>
        </test-method> <!-- CleanupTest -->
      </class> <!-- Tests.Cleanup -->
      <class name="Tests.Setup">
        <test-method signature="Initialize()[pri:0, instance:Tests.Setup@50eac852]" started-at="2024-01-30T15:52:52 IST" name="Initialize" finished-at="2024-01-30T15:52:59 IST" duration-ms="7644" status="PASS">
          <reporter-output>
          </reporter-output>
        </test-method> <!-- Initialize -->
      </class> <!-- Tests.Setup -->
    </test> <!-- Test -->
  </suite> <!-- Suite -->
</testng-results>
